<?xml version="1.0" encoding="utf-8"?>
<shfbBuild product="Sandcastle Help File Builder" version="2014.2.15.0 Beta" projectFile="C:\gits\naiad\Documentation\NaiadDocumentation\NaiadDocumentation\NaiadDocumentation.shfbproj" started="4/16/2014 10:48:48 PM">
<buildStep step="Initializing">
Finding tools...
The Sandcastle tools are located in &#39;C:\Program Files (x86)\EWSoftware\Sandcastle Help File Builder\&#39;
Locating components...
Using presentation style &#39;VS2010&#39; located in &#39;C:\Program Files (x86)\EWSoftware\Sandcastle Help File Builder\PresentationStyles\VS2010&#39;
</buildStep>
<buildStep step="ValidatingDocumentationSources">
Validating and copying documentation source information
Source: C:\gits\naiad\Naiad\bin\Release\Microsoft.Research.Naiad.dll
    Found assembly &#39;C:\gits\naiad\Naiad\bin\Release\Microsoft.Research.Naiad.dll&#39;
Source: C:\gits\naiad\Naiad\bin\Release\Microsoft.Research.Naiad.xml
Source: C:\gits\naiad\Frameworks\Lindi\bin\Release\Microsoft.Research.Naiad.Lindi.dll
    Found assembly &#39;C:\gits\naiad\Frameworks\Lindi\bin\Release\Microsoft.Research.Naiad.Lindi.dll&#39;
Source: C:\gits\naiad\Frameworks\Lindi\bin\Release\Microsoft.Research.Naiad.Lindi.xml
Source: C:\gits\naiad\Frameworks\DifferentialDataflow\bin\Release\Microsoft.Research.Naiad.DifferentialDataflow.dll
    Found assembly &#39;C:\gits\naiad\Frameworks\DifferentialDataflow\bin\Release\Microsoft.Research.Naiad.DifferentialDataflow.dll&#39;
Source: C:\gits\naiad\Frameworks\DifferentialDataflow\bin\Release\Microsoft.Research.Naiad.DifferentialDataflow.xml
Source: C:\gits\naiad\Frameworks\AzureSupport\bin\Release\Microsoft.Research.Naiad.AzureSupport.dll
    Found assembly &#39;C:\gits\naiad\Frameworks\AzureSupport\bin\Release\Microsoft.Research.Naiad.AzureSupport.dll&#39;
Source: C:\gits\naiad\Frameworks\AzureSupport\bin\Release\Microsoft.Research.Naiad.AzureSupport.xml
Source: C:\gits\naiad\Frameworks\GraphLINQ\bin\Release\Microsoft.Research.Naiad.GraphLINQ.dll
    Found assembly &#39;C:\gits\naiad\Frameworks\GraphLINQ\bin\Release\Microsoft.Research.Naiad.GraphLINQ.dll&#39;
Source: C:\gits\naiad\Frameworks\GraphLINQ\bin\Release\Microsoft.Research.Naiad.GraphLINQ.xml

Copying XML comments files
    C:\gits\naiad\Naiad\bin\Release\Microsoft.Research.Naiad.XML -&gt; C:\gits\naiad\Documentation\NaiadDocumentation\NaiadDocumentation\Help\Working\Microsoft.Research.Naiad.XML
    C:\gits\naiad\Frameworks\Lindi\bin\Release\Microsoft.Research.Naiad.Lindi.XML -&gt; C:\gits\naiad\Documentation\NaiadDocumentation\NaiadDocumentation\Help\Working\Microsoft.Research.Naiad.Lindi.XML
    C:\gits\naiad\Frameworks\DifferentialDataflow\bin\Release\Microsoft.Research.Naiad.DifferentialDataflow.XML -&gt; C:\gits\naiad\Documentation\NaiadDocumentation\NaiadDocumentation\Help\Working\Microsoft.Research.Naiad.DifferentialDataflow.XML
    C:\gits\naiad\Frameworks\AzureSupport\bin\Release\Microsoft.Research.Naiad.AzureSupport.XML -&gt; C:\gits\naiad\Documentation\NaiadDocumentation\NaiadDocumentation\Help\Working\Microsoft.Research.Naiad.AzureSupport.XML
    C:\gits\naiad\Frameworks\GraphLINQ\bin\Release\Microsoft.Research.Naiad.GraphLINQ.XML -&gt; C:\gits\naiad\Documentation\NaiadDocumentation\NaiadDocumentation\Help\Working\Microsoft.Research.Naiad.GraphLINQ.XML
</buildStep>
<buildStep step="GenerateSharedContent">
Generating shared content files (en-US, English (United States))...
    Last step completed in 00:00:00.0300
</buildStep>
<buildStep step="GenerateApiFilter">
Generating API filter for MRefBuilder...
    Last step completed in 00:00:00.0250
</buildStep>
<buildStep step="GenerateReflectionInfo">
Generating reflection information...
[C:\Program Files (x86)\MSBuild\12.0\bin\MSBuild.exe]
Build started 4/16/2014 10:48:50 PM.
Project &quot;C:\gits\naiad\Documentation\NaiadDocumentation\NaiadDocumentation\Help\Working\GenerateRefInfo.proj&quot; on node 1 (default targets).
PrepareForBuild:
  Creating directory &quot;obj\Debug\&quot;.
GenerateRefInfo:
  MRefBuilder (v2014.1.26.0)
  Copyright c 2006-2014, Microsoft Corporation, All Rights Reserved.
  Portions Copyright c 2006-2014, Eric Woodruff, All Rights Reserved.
  Loaded 5 assemblies for reflection and 1 dependency assemblies.
  Wrote information on 15 namespaces, 102 types, and 578 members
  Copying file from &quot;reflection.org&quot; to &quot;reflection.all&quot;.
  XslTransform (v2014.1.26.0)
  Copyright c 2006-2014, Microsoft Corporation, All Rights Reserved.
  Portions Copyright c 2006-2014, Eric Woodruff, All Rights Reserved.
  Applying XSL transformation &#39;C:\Program Files (x86)\EWSoftware\Sandcastle Help File Builder\ProductionTransforms\MergeDuplicates.xsl&#39;.
Done Building Project &quot;C:\gits\naiad\Documentation\NaiadDocumentation\NaiadDocumentation\Help\Working\GenerateRefInfo.proj&quot; (default targets).

Build succeeded.

Time Elapsed 00:00:01.13
    Last step completed in 00:00:01.2801
</buildStep>
<buildStep step="TransformReflectionInfo">
Transforming reflection output...
[C:\Program Files (x86)\MSBuild\12.0\bin\MSBuild.exe]
Build started 4/16/2014 10:48:51 PM.
Project &quot;C:\gits\naiad\Documentation\NaiadDocumentation\NaiadDocumentation\Help\Working\TransformManifest.proj&quot; on node 1 (default targets).
TransformManifest:
  XslTransform (v2014.1.26.0)
  Copyright c 2006-2014, Microsoft Corporation, All Rights Reserved.
  Portions Copyright c 2006-2014, Eric Woodruff, All Rights Reserved.
  Applying XSL transformation &#39;C:\Program Files (x86)\EWSoftware\Sandcastle Help File Builder\\ProductionTransforms\ApplyVSDocModel.xsl&#39;.
  Copying file from &quot;reflection.xml&quot; to &quot;reflection.nofilenames&quot;.
  XslTransform (v2014.1.26.0)
  Copyright c 2006-2014, Microsoft Corporation, All Rights Reserved.
  Portions Copyright c 2006-2014, Eric Woodruff, All Rights Reserved.
  Applying XSL transformation &#39;C:\Program Files (x86)\EWSoftware\Sandcastle Help File Builder\ProductionTransforms\AddFilenames.xsl&#39;.
    Unique name M_Microsoft_Research_Naiad_GraphManager_NewInput__1_1 generated for M:Microsoft.Research.Naiad.GraphManager.NewInput``1(Microsoft.Research.Naiad.Input.DataSource{``0},System.String)
    Unique name M_Microsoft_Research_Naiad_SubscribeExtensionMethods_Subscribe__1_1 generated for M:Microsoft.Research.Naiad.SubscribeExtensionMethods.Subscribe``1(Microsoft.Research.Naiad.Stream{``0,Microsoft.Research.Naiad.Dataflow.Epoch},System.Action{System.Collections.Generic.IEnumerable{``0}})
    Unique name M_Microsoft_Research_Naiad_SubscribeExtensionMethods_Subscribe__1_2 generated for M:Microsoft.Research.Naiad.SubscribeExtensionMethods.Subscribe``1(Microsoft.Research.Naiad.Stream{``0,Microsoft.Research.Naiad.Dataflow.Epoch},System.Action{Microsoft.Research.Naiad.Dataflow.Message{``0,Microsoft.Research.Naiad.Dataflow.Epoch},System.Int32},System.Action{Microsoft.Research.Naiad.Dataflow.Epoch,System.Int32},System.Action{System.Int32})
    Unique name M_Microsoft_Research_Naiad_SubscribeExtensionMethods_Subscribe__1_3 generated for M:Microsoft.Research.Naiad.SubscribeExtensionMethods.Subscribe``1(Microsoft.Research.Naiad.Stream{``0,Microsoft.Research.Naiad.Dataflow.Epoch},System.Action{System.Int32,System.Collections.Generic.IEnumerable{``0}})
    Unique name M_Microsoft_Research_Naiad_SubscribeExtensionMethods_Subscribe__1_4 generated for M:Microsoft.Research.Naiad.SubscribeExtensionMethods.Subscribe``1(Microsoft.Research.Naiad.Stream{``0,Microsoft.Research.Naiad.Dataflow.Epoch},System.Action{System.Int32,System.Int32,System.Collections.Generic.IEnumerable{``0}})
    Unique name M_Microsoft_Research_Naiad_Dataflow_Stage_2_NewOutput__1_1 generated for M:Microsoft.Research.Naiad.Dataflow.Stage`2.NewOutput``1(System.Func{`0,Microsoft.Research.Naiad.Dataflow.VertexOutput{``0,`1}},System.Linq.Expressions.Expression{System.Func{``0,System.Int32}})
    Unique name M_Microsoft_Research_Naiad_Dataflow_Vertex_1_NotifyAt_1 generated for M:Microsoft.Research.Naiad.Dataflow.Vertex`1.NotifyAt(`0,`0)
    Unique name M_Microsoft_Research_Naiad_Dataflow_Channels_ReturnAddress__ctor_1 generated for M:Microsoft.Research.Naiad.Dataflow.Channels.ReturnAddress.#ctor(System.Int32,System.Int32,System.Int32)
    Unique name M_Microsoft_Research_Naiad_Dataflow_Iteration_LoopContext_1_Delay__1_1 generated for M:Microsoft.Research.Naiad.Dataflow.Iteration.LoopContext`1.Delay``1(System.Int32)
    Unique name M_Microsoft_Research_Naiad_Dataflow_Iteration_LoopContext_1_Delay__1_2 generated for M:Microsoft.Research.Naiad.Dataflow.Iteration.LoopContext`1.Delay``1(System.Linq.Expressions.Expression{System.Func{``0,System.Int32}})
    Unique name M_Microsoft_Research_Naiad_Dataflow_Iteration_LoopContext_1_Delay__1_3 generated for M:Microsoft.Research.Naiad.Dataflow.Iteration.LoopContext`1.Delay``1(System.Linq.Expressions.Expression{System.Func{``0,System.Int32}},System.Int32)
    Unique name M_Microsoft_Research_Naiad_Dataflow_Iteration_LoopContext_1_EnterLoop__1_1 generated for M:Microsoft.Research.Naiad.Dataflow.Iteration.LoopContext`1.EnterLoop``1(Microsoft.Research.Naiad.Stream{``0,`0},System.Func{``0,System.Int32})
    Unique name M_Microsoft_Research_Naiad_Dataflow_Iteration_LoopContext_1_ExitLoop__1_1 generated for M:Microsoft.Research.Naiad.Dataflow.Iteration.LoopContext`1.ExitLoop``1(Microsoft.Research.Naiad.Stream{``0,Microsoft.Research.Naiad.Dataflow.IterationIn{`0}},System.Int32)
    Unique name M_Microsoft_Research_Naiad_Dataflow_StandardVertices_Foundry_NewStage__2_1 generated for M:Microsoft.Research.Naiad.Dataflow.StandardVertices.Foundry.NewStage``2(Microsoft.Research.Naiad.Dataflow.TimeContext{``1},System.Func{System.Int32,Microsoft.Research.Naiad.Dataflow.Stage{``1},``0},System.String)
    Unique name M_Microsoft_Research_Naiad_Diagnostics_Logging_Assert_1 generated for M:Microsoft.Research.Naiad.Diagnostics.Logging.Assert(System.Boolean,System.String,System.Object[])
    Unique name M_Microsoft_Research_Naiad_Diagnostics_Tracing_Trace_1 generated for M:Microsoft.Research.Naiad.Diagnostics.Tracing.Trace(System.String,System.Object[])
    Unique name M_Microsoft_Research_Naiad_Frameworks_DifferentialDataflow_Collection_2_CoGroupBy__5_1 generated for M:Microsoft.Research.Naiad.Frameworks.DifferentialDataflow.Collection`2.CoGroupBy``5(Microsoft.Research.Naiad.Frameworks.DifferentialDataflow.Collection{``3,`1},System.Linq.Expressions.Expression{System.Func{`0,``0}},System.Linq.Expressions.Expression{System.Func{``3,``0}},System.Linq.Expressions.Expression{System.Func{`0,``1}},System.Linq.Expressions.Expression{System.Func{``3,``2}},System.Linq.Expressions.Expression{System.Func{``0,System.Collections.Generic.IEnumerable{``1},System.Collections.Generic.IEnumerable{``2},System.Collections.Generic.IEnumerable{``4}}})
    Unique name M_Microsoft_Research_Naiad_Frameworks_DifferentialDataflow_Collection_2_CoGroupBy__3_1 generated for M:Microsoft.Research.Naiad.Frameworks.DifferentialDataflow.Collection`2.CoGroupBy``3(Microsoft.Research.Naiad.Frameworks.DifferentialDataflow.Collection{``1,`1},System.Linq.Expressions.Expression{System.Func{`0,``0}},System.Linq.Expressions.Expression{System.Func{``1,``0}},System.Linq.Expressions.Expression{System.Func{``0,System.Collections.Generic.IEnumerable{`0},System.Collections.Generic.IEnumerable{``1},System.Collections.Generic.IEnumerable{``2}}})
    Unique name M_Microsoft_Research_Naiad_Frameworks_DifferentialDataflow_Collection_2_EnterLoop_1 generated for M:Microsoft.Research.Naiad.Frameworks.DifferentialDataflow.Collection`2.EnterLoop(Microsoft.Research.Naiad.Dataflow.Iteration.LoopContext{`1},System.Func{`0,System.Int32})
    Unique name M_Microsoft_Research_Naiad_Frameworks_DifferentialDataflow_Collection_2_FixedPoint_1 generated for M:Microsoft.Research.Naiad.Frameworks.DifferentialDataflow.Collection`2.FixedPoint(System.Func{Microsoft.Research.Naiad.Dataflow.Iteration.LoopContext{`1},Microsoft.Research.Naiad.Frameworks.DifferentialDataflow.Collection{`0,Microsoft.Research.Naiad.Dataflow.IterationIn{`1}},Microsoft.Research.Naiad.Frameworks.DifferentialDataflow.Collection{`0,Microsoft.Research.Naiad.Dataflow.IterationIn{`1}}},System.Int32)
    Unique name M_Microsoft_Research_Naiad_Frameworks_DifferentialDataflow_Collection_2_FixedPoint__1_1 generated for M:Microsoft.Research.Naiad.Frameworks.DifferentialDataflow.Collection`2.FixedPoint``1(System.Func{Microsoft.Research.Naiad.Dataflow.Iteration.LoopContext{`1},Microsoft.Research.Naiad.Frameworks.DifferentialDataflow.Collection{`0,Microsoft.Research.Naiad.Dataflow.IterationIn{`1}},Microsoft.Research.Naiad.Frameworks.DifferentialDataflow.Collection{`0,Microsoft.Research.Naiad.Dataflow.IterationIn{`1}}},System.Linq.Expressions.Expression{System.Func{`0,``0}},System.Int32)
    Unique name M_Microsoft_Research_Naiad_Frameworks_DifferentialDataflow_Collection_2_Min__2_1 generated for M:Microsoft.Research.Naiad.Frameworks.DifferentialDataflow.Collection`2.Min``2(System.Linq.Expressions.Expression{System.Func{`0,``0}},System.Linq.Expressions.Expression{System.Func{`0,``1}})
    Unique name M_Microsoft_Research_Naiad_Frameworks_DifferentialDataflow_Collection_2_SelectMany__1_1 generated for M:Microsoft.Research.Naiad.Frameworks.DifferentialDataflow.Collection`2.SelectMany``1(System.Linq.Expressions.Expression{System.Func{`0,System.Collections.Generic.IEnumerable{``0}}})
    Unique name M_Microsoft_Research_Naiad_Frameworks_DifferentialDataflow_Collection_2_Sum__2_1 generated for M:Microsoft.Research.Naiad.Frameworks.DifferentialDataflow.Collection`2.Sum``2(System.Linq.Expressions.Expression{System.Func{`0,``0}},System.Linq.Expressions.Expression{System.Func{`0,System.Int32}},System.Linq.Expressions.Expression{System.Func{``0,System.Int32,``1}})
    Unique name M_Microsoft_Research_Naiad_Frameworks_DifferentialDataflow_Collection_2_Sum__2_2 generated for M:Microsoft.Research.Naiad.Frameworks.DifferentialDataflow.Collection`2.Sum``2(System.Linq.Expressions.Expression{System.Func{`0,``0}},System.Linq.Expressions.Expression{System.Func{`0,System.Int64}},System.Linq.Expressions.Expression{System.Func{``0,System.Int64,``1}})
    Unique name M_Microsoft_Research_Naiad_Frameworks_DifferentialDataflow_Collection_2_Sum__2_3 generated for M:Microsoft.Research.Naiad.Frameworks.DifferentialDataflow.Collection`2.Sum``2(System.Linq.Expressions.Expression{System.Func{`0,``0}},System.Linq.Expressions.Expression{System.Func{`0,System.Single}},System.Linq.Expressions.Expression{System.Func{``0,System.Single,``1}})
    Unique name M_Microsoft_Research_Naiad_Frameworks_DifferentialDataflow_ExtensionMethods_OnCompleted__1_1 generated for M:Microsoft.Research.Naiad.Frameworks.DifferentialDataflow.ExtensionMethods.OnCompleted``1(Microsoft.Research.Naiad.Frameworks.DifferentialDataflow.InputCollection{``0},System.Collections.Generic.IEnumerable{``0})
    Unique name M_Microsoft_Research_Naiad_Frameworks_DifferentialDataflow_ExtensionMethods_OnCompleted__1_2 generated for M:Microsoft.Research.Naiad.Frameworks.DifferentialDataflow.ExtensionMethods.OnCompleted``1(Microsoft.Research.Naiad.Frameworks.DifferentialDataflow.InputCollection{``0},``0)
    Unique name M_Microsoft_Research_Naiad_Frameworks_DifferentialDataflow_ExtensionMethods_OnNext__1_1 generated for M:Microsoft.Research.Naiad.Frameworks.DifferentialDataflow.ExtensionMethods.OnNext``1(Microsoft.Research.Naiad.Frameworks.DifferentialDataflow.InputCollection{``0},System.Collections.Generic.IEnumerable{``0})
    Unique name M_Microsoft_Research_Naiad_Frameworks_DifferentialDataflow_ExtensionMethods_OnNext__1_2 generated for M:Microsoft.Research.Naiad.Frameworks.DifferentialDataflow.ExtensionMethods.OnNext``1(Microsoft.Research.Naiad.Frameworks.DifferentialDataflow.InputCollection{``0},System.Collections.Generic.IEnumerable{``0},System.Int32)
    Unique name M_Microsoft_Research_Naiad_Frameworks_DifferentialDataflow_ExtensionMethods_OnNext__1_3 generated for M:Microsoft.Research.Naiad.Frameworks.DifferentialDataflow.ExtensionMethods.OnNext``1(Microsoft.Research.Naiad.Frameworks.DifferentialDataflow.InputCollection{``0},``0)
    Unique name M_Microsoft_Research_Naiad_Frameworks_DifferentialDataflow_ExtensionMethods_OnNext__1_4 generated for M:Microsoft.Research.Naiad.Frameworks.DifferentialDataflow.ExtensionMethods.OnNext``1(Microsoft.Research.Naiad.Frameworks.DifferentialDataflow.InputCollection{``0},``0,System.Int32)
    Unique name M_Microsoft_Research_Naiad_Frameworks_DifferentialDataflow_ExtensionMethods_SlidingWindow__1_1 generated for M:Microsoft.Research.Naiad.Frameworks.DifferentialDataflow.ExtensionMethods.SlidingWindow``1(Microsoft.Research.Naiad.Stream{``0,Microsoft.Research.Naiad.Dataflow.Epoch},System.Int32)
    Unique name M_Microsoft_Research_Naiad_Frameworks_DifferentialDataflow_InputCollection_1_OnCompleted_1 generated for M:Microsoft.Research.Naiad.Frameworks.DifferentialDataflow.InputCollection`1.OnCompleted(System.Collections.Generic.IEnumerable{Microsoft.Research.Naiad.Frameworks.DifferentialDataflow.Weighted{`0}})
    Unique name M_Microsoft_Research_Naiad_Frameworks_GraphLINQ_ExtensionMethods_StateMachine__4_1 generated for M:Microsoft.Research.Naiad.Frameworks.GraphLINQ.ExtensionMethods.StateMachine``4(Microsoft.Research.Naiad.Stream{Microsoft.Research.Naiad.Frameworks.GraphLINQ.NodeWithValue{``0},``3},System.Func{``0,``1,Microsoft.Research.Naiad.Pair{``1,``2}})
    Unique name M_Microsoft_Research_Naiad_Frameworks_GraphLINQ_ExtensionMethods_StateMachine__4_2 generated for M:Microsoft.Research.Naiad.Frameworks.GraphLINQ.ExtensionMethods.StateMachine``4(Microsoft.Research.Naiad.Stream{Microsoft.Research.Naiad.Frameworks.GraphLINQ.NodeWithValue{``0},``3},System.Func{``0,``1,Microsoft.Research.Naiad.Pair{``1,``2}},``1)
    Unique name M_Microsoft_Research_Naiad_Frameworks_GraphLINQ_ExtensionMethods_StateMachine__3_1 generated for M:Microsoft.Research.Naiad.Frameworks.GraphLINQ.ExtensionMethods.StateMachine``3(Microsoft.Research.Naiad.Stream{Microsoft.Research.Naiad.Frameworks.GraphLINQ.NodeWithValue{``0},``2},System.Func{``0,``1,``1},``1)
    Unique name M_Microsoft_Research_Naiad_Frameworks_Lindi_ExtensionMethods_Aggregate__3_1 generated for M:Microsoft.Research.Naiad.Frameworks.Lindi.ExtensionMethods.Aggregate``3(Microsoft.Research.Naiad.Stream{Microsoft.Research.Naiad.Pair{``0,``1},``2},System.Func{``1,``1,``1},System.Boolean)
    Unique name M_Microsoft_Research_Naiad_Frameworks_Lindi_ExtensionMethods_Aggregate__5_1 generated for M:Microsoft.Research.Naiad.Frameworks.Lindi.ExtensionMethods.Aggregate``5(Microsoft.Research.Naiad.Stream{``0,``4},System.Func{``0,``1},System.Func{``0,``2},System.Func{``2,``2,``2},System.Func{``1,``2,``3},System.Boolean)
    Unique name M_Microsoft_Research_Naiad_Frameworks_Lindi_NonStandardExtensionMethods_Iterate__2_1 generated for M:Microsoft.Research.Naiad.Frameworks.Lindi.NonStandardExtensionMethods.Iterate``2(Microsoft.Research.Naiad.Stream{``0,``1},System.Func{Microsoft.Research.Naiad.Dataflow.Iteration.LoopContext{``1},Microsoft.Research.Naiad.Stream{``0,Microsoft.Research.Naiad.Dataflow.IterationIn{``1}},Microsoft.Research.Naiad.Stream{``0,Microsoft.Research.Naiad.Dataflow.IterationIn{``1}}},System.Linq.Expressions.Expression{System.Func{``0,System.Int32}},System.Int32,System.String)
    Unique name M_Microsoft_Research_Naiad_Frameworks_Lindi_NonStandardExtensionMethods_IterateAndAccumulate__2_1 generated for M:Microsoft.Research.Naiad.Frameworks.Lindi.NonStandardExtensionMethods.IterateAndAccumulate``2(Microsoft.Research.Naiad.Stream{``0,``1},System.Func{Microsoft.Research.Naiad.Dataflow.Iteration.LoopContext{``1},Microsoft.Research.Naiad.Stream{``0,Microsoft.Research.Naiad.Dataflow.IterationIn{``1}},Microsoft.Research.Naiad.Stream{``0,Microsoft.Research.Naiad.Dataflow.IterationIn{``1}}},System.Linq.Expressions.Expression{System.Func{``0,System.Int32}},System.Int32,System.String)
    Unique name M_Microsoft_Research_Naiad_Input_BatchedDataSource_1_OnCompleted_1 generated for M:Microsoft.Research.Naiad.Input.BatchedDataSource`1.OnCompleted(System.Collections.Generic.IEnumerable{`0})
    Unique name M_Microsoft_Research_Naiad_Input_BatchedDataSource_1_OnCompleted_2 generated for M:Microsoft.Research.Naiad.Input.BatchedDataSource`1.OnCompleted(`0)
    Unique name M_Microsoft_Research_Naiad_Input_BatchedDataSource_1_OnNext_1 generated for M:Microsoft.Research.Naiad.Input.BatchedDataSource`1.OnNext(System.Collections.Generic.IEnumerable{`0})
    Unique name M_Microsoft_Research_Naiad_Input_BatchedDataSource_1_OnNext_2 generated for M:Microsoft.Research.Naiad.Input.BatchedDataSource`1.OnNext(`0)
    Unique name M_Microsoft_Research_Naiad_Input_ConstantDataSource_1__ctor_1 generated for M:Microsoft.Research.Naiad.Input.ConstantDataSource`1.#ctor(System.Collections.Generic.IEnumerable{`0})
    Unique name M_Microsoft_Research_Naiad_Input_ConstantDataSource_1__ctor_2 generated for M:Microsoft.Research.Naiad.Input.ConstantDataSource`1.#ctor(`0)
    Unique name M_Microsoft_Research_Naiad_Input_DataSourceExtensionMethods_AsNaiadStream__1_1 generated for M:Microsoft.Research.Naiad.Input.DataSourceExtensionMethods.AsNaiadStream``1(System.IObservable{System.Collections.Generic.IEnumerable{``0}},Microsoft.Research.Naiad.GraphManager)
    Unique name M_Microsoft_Research_Naiad_Serialization_CheckpointRestoreExtensionMethods_Checkpoint__1_1 generated for M:Microsoft.Research.Naiad.Serialization.CheckpointRestoreExtensionMethods.Checkpoint``1(``0[],System.Int32,Microsoft.Research.Naiad.Serialization.NaiadWriter)
    Unique name M_Microsoft_Research_Naiad_Serialization_Deserializers_TryDeserialize_1 generated for M:Microsoft.Research.Naiad.Serialization.Deserializers.TryDeserialize(Microsoft.Research.Naiad.Serialization.RecvBuffer@,System.Byte@)
    Unique name M_Microsoft_Research_Naiad_Serialization_Deserializers_TryDeserialize_2 generated for M:Microsoft.Research.Naiad.Serialization.Deserializers.TryDeserialize(Microsoft.Research.Naiad.Serialization.RecvBuffer@,System.Byte[]@)
    Unique name M_Microsoft_Research_Naiad_Serialization_Deserializers_TryDeserialize_3 generated for M:Microsoft.Research.Naiad.Serialization.Deserializers.TryDeserialize(Microsoft.Research.Naiad.Serialization.RecvBuffer@,System.Char@)
    Unique name M_Microsoft_Research_Naiad_Serialization_Deserializers_TryDeserialize_4 generated for M:Microsoft.Research.Naiad.Serialization.Deserializers.TryDeserialize(Microsoft.Research.Naiad.Serialization.RecvBuffer@,System.Double@)
    Unique name M_Microsoft_Research_Naiad_Serialization_Deserializers_TryDeserialize_5 generated for M:Microsoft.Research.Naiad.Serialization.Deserializers.TryDeserialize(Microsoft.Research.Naiad.Serialization.RecvBuffer@,System.Int16@)
    Unique name M_Microsoft_Research_Naiad_Serialization_Deserializers_TryDeserialize_6 generated for M:Microsoft.Research.Naiad.Serialization.Deserializers.TryDeserialize(Microsoft.Research.Naiad.Serialization.RecvBuffer@,System.Int32@)
    Unique name M_Microsoft_Research_Naiad_Serialization_Deserializers_TryDeserialize_7 generated for M:Microsoft.Research.Naiad.Serialization.Deserializers.TryDeserialize(Microsoft.Research.Naiad.Serialization.RecvBuffer@,System.Int32[]@)
    Unique name M_Microsoft_Research_Naiad_Serialization_Deserializers_TryDeserialize_8 generated for M:Microsoft.Research.Naiad.Serialization.Deserializers.TryDeserialize(Microsoft.Research.Naiad.Serialization.RecvBuffer@,System.Int64@)
    Unique name M_Microsoft_Research_Naiad_Serialization_Deserializers_TryDeserialize_9 generated for M:Microsoft.Research.Naiad.Serialization.Deserializers.TryDeserialize(Microsoft.Research.Naiad.Serialization.RecvBuffer@,System.Single@)
    Unique name M_Microsoft_Research_Naiad_Serialization_Deserializers_TryDeserialize_10 generated for M:Microsoft.Research.Naiad.Serialization.Deserializers.TryDeserialize(Microsoft.Research.Naiad.Serialization.RecvBuffer@,System.Single[]@)
    Unique name M_Microsoft_Research_Naiad_Serialization_Deserializers_TryDeserialize_11 generated for M:Microsoft.Research.Naiad.Serialization.Deserializers.TryDeserialize(Microsoft.Research.Naiad.Serialization.RecvBuffer@,System.String@)
    Unique name M_Microsoft_Research_Naiad_Serialization_Deserializers_TryDeserialize_12 generated for M:Microsoft.Research.Naiad.Serialization.Deserializers.TryDeserialize(Microsoft.Research.Naiad.Serialization.RecvBuffer@,System.UInt32@)
    Unique name M_Microsoft_Research_Naiad_Serialization_Deserializers_TryDeserialize_13 generated for M:Microsoft.Research.Naiad.Serialization.Deserializers.TryDeserialize(Microsoft.Research.Naiad.Serialization.RecvBuffer@,System.UInt64@)
    Unique name M_Microsoft_Research_Naiad_Serialization_NaiadReader_Read__1_1 generated for M:Microsoft.Research.Naiad.Serialization.NaiadReader.Read``1(Microsoft.Research.Naiad.Serialization.NaiadSerialization{``0})
    Unique name M_Microsoft_Research_Naiad_Serialization_NaiadWriter_Write__1_1 generated for M:Microsoft.Research.Naiad.Serialization.NaiadWriter.Write``1(``0,Microsoft.Research.Naiad.Serialization.NaiadSerialization{``0})
    Unique name M_Microsoft_Research_Naiad_Serialization_Serializers_Serialize_1 generated for M:Microsoft.Research.Naiad.Serialization.Serializers.Serialize(Microsoft.Research.Naiad.Serialization.SubArray{System.Byte},System.Byte)
    Unique name M_Microsoft_Research_Naiad_Serialization_Serializers_Serialize_2 generated for M:Microsoft.Research.Naiad.Serialization.Serializers.Serialize(Microsoft.Research.Naiad.Serialization.SubArray{System.Byte},System.Byte[])
    Unique name M_Microsoft_Research_Naiad_Serialization_Serializers_Serialize_3 generated for M:Microsoft.Research.Naiad.Serialization.Serializers.Serialize(Microsoft.Research.Naiad.Serialization.SubArray{System.Byte},System.Double)
    Unique name M_Microsoft_Research_Naiad_Serialization_Serializers_Serialize_4 generated for M:Microsoft.Research.Naiad.Serialization.Serializers.Serialize(Microsoft.Research.Naiad.Serialization.SubArray{System.Byte},System.Int16)
    Unique name M_Microsoft_Research_Naiad_Serialization_Serializers_Serialize_5 generated for M:Microsoft.Research.Naiad.Serialization.Serializers.Serialize(Microsoft.Research.Naiad.Serialization.SubArray{System.Byte},System.Int32)
    Unique name M_Microsoft_Research_Naiad_Serialization_Serializers_Serialize_6 generated for M:Microsoft.Research.Naiad.Serialization.Serializers.Serialize(Microsoft.Research.Naiad.Serialization.SubArray{System.Byte},System.Int32[])
    Unique name M_Microsoft_Research_Naiad_Serialization_Serializers_Serialize_7 generated for M:Microsoft.Research.Naiad.Serialization.Serializers.Serialize(Microsoft.Research.Naiad.Serialization.SubArray{System.Byte},System.Int64)
    Unique name M_Microsoft_Research_Naiad_Serialization_Serializers_Serialize_8 generated for M:Microsoft.Research.Naiad.Serialization.Serializers.Serialize(Microsoft.Research.Naiad.Serialization.SubArray{System.Byte},System.Single)
    Unique name M_Microsoft_Research_Naiad_Serialization_Serializers_Serialize_9 generated for M:Microsoft.Research.Naiad.Serialization.Serializers.Serialize(Microsoft.Research.Naiad.Serialization.SubArray{System.Byte},System.Single[])
    Unique name M_Microsoft_Research_Naiad_Serialization_Serializers_Serialize_10 generated for M:Microsoft.Research.Naiad.Serialization.Serializers.Serialize(Microsoft.Research.Naiad.Serialization.SubArray{System.Byte},System.String)
    Unique name M_Microsoft_Research_Naiad_Serialization_Serializers_Serialize_11 generated for M:Microsoft.Research.Naiad.Serialization.Serializers.Serialize(Microsoft.Research.Naiad.Serialization.SubArray{System.Byte},System.UInt32)
    Unique name M_Microsoft_Research_Naiad_Serialization_Serializers_Serialize_12 generated for M:Microsoft.Research.Naiad.Serialization.Serializers.Serialize(Microsoft.Research.Naiad.Serialization.SubArray{System.Byte},System.UInt64)
    Unique name M_Microsoft_Research_Naiad_Serialization_SubArray_1__ctor_1 generated for M:Microsoft.Research.Naiad.Serialization.SubArray`1.#ctor(`0[],System.Int32)
  XslTransform (v2014.1.26.0)
  Copyright c 2006-2014, Microsoft Corporation, All Rights Reserved.
  Portions Copyright c 2006-2014, Eric Woodruff, All Rights Reserved.
  Applying XSL transformation &#39;C:\Program Files (x86)\EWSoftware\Sandcastle Help File Builder\ProductionTransforms\ReflectionToManifest.xsl&#39;.
Done Building Project &quot;C:\gits\naiad\Documentation\NaiadDocumentation\NaiadDocumentation\Help\Working\TransformManifest.proj&quot; (default targets).

Build succeeded.

Time Elapsed 00:00:01.43
    Last step completed in 00:00:01.5502
</buildStep>
<buildStep step="GenerateNamespaceSummaries">
Generating namespace summary information...
    Last step completed in 00:00:00.1350
</buildStep>
<buildStep step="CopyConceptualContent">
Copying conceptual content...
Copying standard token shared content file...
Checking for other token files...
Checking for code snippets files...
Copying images and creating the media map file...
Generating conceptual topic files
    Parsing topic file &#39;C:\gits\naiad\Documentation\NaiadDocumentation\NaiadDocumentation\Content\Welcome.aml&#39;
    C:\gits\naiad\Documentation\NaiadDocumentation\NaiadDocumentation\Content\Welcome.aml -&gt; C:\gits\naiad\Documentation\NaiadDocumentation\NaiadDocumentation\Help\Working\ddueXml\2a378dc0-df87-470e-9d7c-450ef7248667.xml
    Parsing topic file &#39;C:\gits\naiad\Documentation\NaiadDocumentation\NaiadDocumentation\Content\FirstNaiadProgram.aml&#39;
    C:\gits\naiad\Documentation\NaiadDocumentation\NaiadDocumentation\Content\FirstNaiadProgram.aml -&gt; C:\gits\naiad\Documentation\NaiadDocumentation\NaiadDocumentation\Help\Working\ddueXml\450c8ec2-65e4-4396-93e8-634e6a2144f4.xml
    Parsing topic file &#39;C:\gits\naiad\Documentation\NaiadDocumentation\NaiadDocumentation\Content\NaiadOnAzure.aml&#39;
    C:\gits\naiad\Documentation\NaiadDocumentation\NaiadDocumentation\Content\NaiadOnAzure.aml -&gt; C:\gits\naiad\Documentation\NaiadDocumentation\NaiadDocumentation\Help\Working\ddueXml\b3ff7ae9-7d4a-49b5-89c4-4e8832660d8d.xml
    Parsing topic file &#39;C:\gits\naiad\Documentation\NaiadDocumentation\NaiadDocumentation\Content\VersionHistory\VersionHistory.aml&#39;
    C:\gits\naiad\Documentation\NaiadDocumentation\NaiadDocumentation\Content\VersionHistory\VersionHistory.aml -&gt; C:\gits\naiad\Documentation\NaiadDocumentation\NaiadDocumentation\Help\Working\ddueXml\c2a31aaa-d867-4d3b-9315-dbb7c7527659.xml
    Parsing topic file &#39;C:\gits\naiad\Documentation\NaiadDocumentation\NaiadDocumentation\Content\VersionHistory\v1.0.0.0.aml&#39;
    C:\gits\naiad\Documentation\NaiadDocumentation\NaiadDocumentation\Content\VersionHistory\v1.0.0.0.aml -&gt; C:\gits\naiad\Documentation\NaiadDocumentation\NaiadDocumentation\Help\Working\ddueXml\576fa56a-c7d5-4dc9-81bb-6fbd7e312fec.xml
    Last step completed in 00:00:00.0800
</buildStep>
<buildStep step="CreateConceptualTopicConfigs">
Creating conceptual topic configuration files...
    Companion files
    _ContentMetadata_.xml
    ConceptualManifest.xml
    Last step completed in 00:00:00.0300
</buildStep>
<buildStep step="CopyAdditionalContent">
Copying additional content files...
C:\gits\naiad\Documentation\NaiadDocumentation\NaiadDocumentation\icons\Help.png -&gt; C:\gits\naiad\Documentation\NaiadDocumentation\NaiadDocumentation\Help\Working\Output\Website\icons\Help.png
    Last step completed in 00:00:00.0050
</buildStep>
<buildStep step="MergeTablesOfContents">
Merging conceptual and additional tables of contents...
    Last step completed in 00:00:00.0050
</buildStep>
<buildStep step="GenerateIntermediateTableOfContents">
Generating intermediate table of contents file...
[C:\Program Files (x86)\MSBuild\12.0\bin\MSBuild.exe]
Build started 4/16/2014 10:48:53 PM.
Project &quot;C:\gits\naiad\Documentation\NaiadDocumentation\NaiadDocumentation\Help\Working\GenerateIntermediateTOC.proj&quot; on node 1 (default targets).
GenerateIntermediateTOC:
  XslTransform (v2014.1.26.0)
  Copyright c 2006-2014, Microsoft Corporation, All Rights Reserved.
  Portions Copyright c 2006-2014, Eric Woodruff, All Rights Reserved.
  Applying XSL transformation &#39;C:\Program Files (x86)\EWSoftware\Sandcastle Help File Builder\\ProductionTransforms\CreateVSToc.xsl&#39;.
Done Building Project &quot;C:\gits\naiad\Documentation\NaiadDocumentation\NaiadDocumentation\Help\Working\GenerateIntermediateTOC.proj&quot; (default targets).

Build succeeded.

Time Elapsed 00:00:00.12
Generating conceptual content intermediate TOC file...
    Last step completed in 00:00:00.2050
</buildStep>
<buildStep step="CreateBuildAssemblerConfigs">
Creating Sandcastle configuration files...
    sandcastle.config
    conceptual.config
    Last step completed in 00:00:00.2900
</buildStep>
<buildStep step="MergeCustomConfigs">
Merging custom build component configurations
C:\gits\naiad\Documentation\NaiadDocumentation\NaiadDocumentation\Help\Working\sandcastle.config
C:\gits\naiad\Documentation\NaiadDocumentation\NaiadDocumentation\Help\Working\conceptual.config
    Removing unused ExampleComponent.
    Last step completed in 00:00:00.1050
</buildStep>
<buildStep step="BuildConceptualTopics">
Building conceptual help topics...
[C:\Program Files (x86)\MSBuild\12.0\bin\MSBuild.exe]
Build started 4/16/2014 10:48:53 PM.
Project &quot;C:\gits\naiad\Documentation\NaiadDocumentation\NaiadDocumentation\Help\Working\BuildConceptualTopics.proj&quot; on node 1 (default targets).
BuildConceptualTopics:
  BuildAssembler (v2014.1.26.0)
  Copyright c 2006-2014, Microsoft Corporation, All Rights Reserved.
  Portions Copyright c 2006-2014, Eric Woodruff, All Rights Reserved.
  Loading configuration...
  Processing topics...
  Processed 5 topic(s)
  CopyFromIndexComponent: &quot;metadata&quot; in-memory cache entries used: 1 of 15.
Done Building Project &quot;C:\gits\naiad\Documentation\NaiadDocumentation\NaiadDocumentation\Help\Working\BuildConceptualTopics.proj&quot; (default targets).

Build succeeded.

Time Elapsed 00:00:06.42
    Last step completed in 00:00:06.5857
</buildStep>
<buildStep step="BuildReferenceTopics">
Building reference help topics...
[C:\Program Files (x86)\MSBuild\12.0\bin\MSBuild.exe]
Build started 4/16/2014 10:49:00 PM.
Project &quot;C:\gits\naiad\Documentation\NaiadDocumentation\NaiadDocumentation\Help\Working\BuildReferenceTopics.proj&quot; on node 1 (default targets).
BuildReferenceTopics:
  BuildAssembler (v2014.1.26.0)
  Copyright c 2006-2014, Microsoft Corporation, All Rights Reserved.
  Portions Copyright c 2006-2014, Eric Woodruff, All Rights Reserved.
  Loading configuration...
  Processing topics...
BuildAssembler : warning : ResolveReferenceLinksComponent: [R:Project_NaiadDocumentation] Unknown reference link target &#39;T:UnaryVertex&#39;. [C:\gits\naiad\Documentation\NaiadDocumentation\NaiadDocumentation\Help\Working\BuildReferenceTopics.proj]
BuildAssembler : warning : ResolveReferenceLinksComponent: [R:Project_NaiadDocumentation] Unknown reference link target &#39;T:BinaryVertex&#39;. [C:\gits\naiad\Documentation\NaiadDocumentation\NaiadDocumentation\Help\Working\BuildReferenceTopics.proj]
BuildAssembler : warning : ShowMissingComponent: [M:Microsoft.Research.Naiad.Configuration.FromArgs(System.String[]@)] Missing &lt;returns&gt; documentation [C:\gits\naiad\Documentation\NaiadDocumentation\NaiadDocumentation\Help\Working\BuildReferenceTopics.proj]
BuildAssembler : warning : ShowMissingComponent: [M:Microsoft.Research.Naiad.Configuration.FromArgs(System.String[]@)] Missing &lt;param name=&quot;args&quot;/&gt; documentation [C:\gits\naiad\Documentation\NaiadDocumentation\NaiadDocumentation\Help\Working\BuildReferenceTopics.proj]
BuildAssembler : warning : ResolveReferenceLinksComponent: [T:Microsoft.Research.Naiad.GraphManager] Unknown reference link target &#39;T:Microsoft.WindowsAzure.Storage.CloudStorageAccount&#39;. [C:\gits\naiad\Documentation\NaiadDocumentation\NaiadDocumentation\Help\Working\BuildReferenceTopics.proj]
BuildAssembler : warning : ResolveReferenceLinksComponent: [T:Microsoft.Research.Naiad.GraphManager] Unknown reference link target &#39;T:Microsoft.WindowsAzure.Storage.Blob.CloudBlobContainer&#39;. [C:\gits\naiad\Documentation\NaiadDocumentation\NaiadDocumentation\Help\Working\BuildReferenceTopics.proj]
BuildAssembler : warning : ResolveReferenceLinksComponent: [Methods.T:Microsoft.Research.Naiad.GraphManager] Unknown reference link target &#39;T:Microsoft.WindowsAzure.Storage.CloudStorageAccount&#39;. [C:\gits\naiad\Documentation\NaiadDocumentation\NaiadDocumentation\Help\Working\BuildReferenceTopics.proj]
BuildAssembler : warning : ResolveReferenceLinksComponent: [Methods.T:Microsoft.Research.Naiad.GraphManager] Unknown reference link target &#39;T:Microsoft.WindowsAzure.Storage.Blob.CloudBlobContainer&#39;. [C:\gits\naiad\Documentation\NaiadDocumentation\NaiadDocumentation\Help\Working\BuildReferenceTopics.proj]
BuildAssembler : warning : ResolveReferenceLinksComponent: [M:Microsoft.Research.Naiad.NewComputation.FromArgs(System.String[]@)] Unknown reference link target &#39;!:GraphManger&#39;. [C:\gits\naiad\Documentation\NaiadDocumentation\NaiadDocumentation\Help\Working\BuildReferenceTopics.proj]
BuildAssembler : warning : ResolveReferenceLinksComponent: [M:Microsoft.Research.Naiad.NewComputation.FromArgs(System.String[]@)] Invalid reference link target &#39;!:GraphManger&#39;. [C:\gits\naiad\Documentation\NaiadDocumentation\NaiadDocumentation\Help\Working\BuildReferenceTopics.proj]
BuildAssembler : warning : ShowMissingComponent: [T:Microsoft.Research.Naiad.OneOffComputation] Missing &lt;summary&gt; documentation [C:\gits\naiad\Documentation\NaiadDocumentation\NaiadDocumentation\Help\Working\BuildReferenceTopics.proj]
BuildAssembler : warning : ResolveReferenceLinksComponent: [T:Microsoft.Research.Naiad.OneOffComputation] Unknown reference link target &#39;T:Microsoft.WindowsAzure.Storage.CloudStorageAccount&#39;. [C:\gits\naiad\Documentation\NaiadDocumentation\NaiadDocumentation\Help\Working\BuildReferenceTopics.proj]
BuildAssembler : warning : ResolveReferenceLinksComponent: [T:Microsoft.Research.Naiad.OneOffComputation] Unknown reference link target &#39;T:Microsoft.WindowsAzure.Storage.Blob.CloudBlobContainer&#39;. [C:\gits\naiad\Documentation\NaiadDocumentation\NaiadDocumentation\Help\Working\BuildReferenceTopics.proj]
BuildAssembler : warning : ResolveReferenceLinksComponent: [Methods.T:Microsoft.Research.Naiad.OneOffComputation] Unknown reference link target &#39;T:Microsoft.WindowsAzure.Storage.CloudStorageAccount&#39;. [C:\gits\naiad\Documentation\NaiadDocumentation\NaiadDocumentation\Help\Working\BuildReferenceTopics.proj]
BuildAssembler : warning : ResolveReferenceLinksComponent: [Methods.T:Microsoft.Research.Naiad.OneOffComputation] Unknown reference link target &#39;T:Microsoft.WindowsAzure.Storage.Blob.CloudBlobContainer&#39;. [C:\gits\naiad\Documentation\NaiadDocumentation\NaiadDocumentation\Help\Working\BuildReferenceTopics.proj]
BuildAssembler : warning : ShowMissingComponent: [M:Microsoft.Research.Naiad.Pair`2.Equals(Microsoft.Research.Naiad.Pair{`0,`1})] Missing &lt;returns&gt; documentation [C:\gits\naiad\Documentation\NaiadDocumentation\NaiadDocumentation\Help\Working\BuildReferenceTopics.proj]
BuildAssembler : warning : ShowMissingComponent: [M:Microsoft.Research.Naiad.Pair`2.GetHashCode] Missing &lt;returns&gt; documentation [C:\gits\naiad\Documentation\NaiadDocumentation\NaiadDocumentation\Help\Working\BuildReferenceTopics.proj]
BuildAssembler : warning : ShowMissingComponent: [M:Microsoft.Research.Naiad.Pair`2.ToString] Missing &lt;returns&gt; documentation [C:\gits\naiad\Documentation\NaiadDocumentation\NaiadDocumentation\Help\Working\BuildReferenceTopics.proj]
BuildAssembler : warning : ShowMissingComponent: [T:Microsoft.Research.Naiad.Time`1] Missing &lt;typeparam name=&quot;TTime&quot;/&gt; documentation [C:\gits\naiad\Documentation\NaiadDocumentation\NaiadDocumentation\Help\Working\BuildReferenceTopics.proj]
BuildAssembler : warning : ShowMissingComponent: [M:Microsoft.Research.Naiad.Time`1.GetHashCode] Missing &lt;returns&gt; documentation [C:\gits\naiad\Documentation\NaiadDocumentation\NaiadDocumentation\Help\Working\BuildReferenceTopics.proj]
BuildAssembler : warning : ShowMissingComponent: [M:Microsoft.Research.Naiad.Dataflow.Empty.CompareTo(Microsoft.Research.Naiad.Dataflow.Empty)] Missing &lt;returns&gt; documentation [C:\gits\naiad\Documentation\NaiadDocumentation\NaiadDocumentation\Help\Working\BuildReferenceTopics.proj]
BuildAssembler : warning : ShowMissingComponent: [M:Microsoft.Research.Naiad.Dataflow.Empty.CompareTo(Microsoft.Research.Naiad.Dataflow.Empty)] Missing &lt;param name=&quot;other&quot;/&gt; documentation [C:\gits\naiad\Documentation\NaiadDocumentation\NaiadDocumentation\Help\Working\BuildReferenceTopics.proj]
BuildAssembler : warning : ShowMissingComponent: [M:Microsoft.Research.Naiad.Dataflow.Empty.Equals(Microsoft.Research.Naiad.Dataflow.Empty)] Missing &lt;returns&gt; documentation [C:\gits\naiad\Documentation\NaiadDocumentation\NaiadDocumentation\Help\Working\BuildReferenceTopics.proj]
BuildAssembler : warning : ShowMissingComponent: [M:Microsoft.Research.Naiad.Dataflow.Empty.Equals(Microsoft.Research.Naiad.Dataflow.Empty)] Missing &lt;param name=&quot;other&quot;/&gt; documentation [C:\gits\naiad\Documentation\NaiadDocumentation\NaiadDocumentation\Help\Working\BuildReferenceTopics.proj]
BuildAssembler : warning : ShowMissingComponent: [M:Microsoft.Research.Naiad.Dataflow.Empty.InitializeFrom(Microsoft.Research.Naiad.Runtime.Progress.Pointstamp,System.Int32)] Missing &lt;returns&gt; documentation [C:\gits\naiad\Documentation\NaiadDocumentation\NaiadDocumentation\Help\Working\BuildReferenceTopics.proj]
BuildAssembler : warning : ShowMissingComponent: [M:Microsoft.Research.Naiad.Dataflow.Empty.InitializeFrom(Microsoft.Research.Naiad.Runtime.Progress.Pointstamp,System.Int32)] Missing &lt;param name=&quot;version&quot;/&gt; documentation [C:\gits\naiad\Documentation\NaiadDocumentation\NaiadDocumentation\Help\Working\BuildReferenceTopics.proj]
BuildAssembler : warning : ShowMissingComponent: [M:Microsoft.Research.Naiad.Dataflow.Empty.InitializeFrom(Microsoft.Research.Naiad.Runtime.Progress.Pointstamp,System.Int32)] Missing &lt;param name=&quot;length&quot;/&gt; documentation [C:\gits\naiad\Documentation\NaiadDocumentation\NaiadDocumentation\Help\Working\BuildReferenceTopics.proj]
BuildAssembler : warning : ShowMissingComponent: [M:Microsoft.Research.Naiad.Dataflow.Empty.Join(Microsoft.Research.Naiad.Dataflow.Empty)] Missing &lt;returns&gt; documentation [C:\gits\naiad\Documentation\NaiadDocumentation\NaiadDocumentation\Help\Working\BuildReferenceTopics.proj]
BuildAssembler : warning : ShowMissingComponent: [M:Microsoft.Research.Naiad.Dataflow.Empty.Join(Microsoft.Research.Naiad.Dataflow.Empty)] Missing &lt;param name=&quot;that&quot;/&gt; documentation [C:\gits\naiad\Documentation\NaiadDocumentation\NaiadDocumentation\Help\Working\BuildReferenceTopics.proj]
BuildAssembler : warning : ShowMissingComponent: [M:Microsoft.Research.Naiad.Dataflow.Empty.LessThan(Microsoft.Research.Naiad.Dataflow.Empty)] Missing &lt;returns&gt; documentation [C:\gits\naiad\Documentation\NaiadDocumentation\NaiadDocumentation\Help\Working\BuildReferenceTopics.proj]
BuildAssembler : warning : ShowMissingComponent: [M:Microsoft.Research.Naiad.Dataflow.Empty.LessThan(Microsoft.Research.Naiad.Dataflow.Empty)] Missing &lt;param name=&quot;that&quot;/&gt; documentation [C:\gits\naiad\Documentation\NaiadDocumentation\NaiadDocumentation\Help\Working\BuildReferenceTopics.proj]
BuildAssembler : warning : ShowMissingComponent: [M:Microsoft.Research.Naiad.Dataflow.Empty.Meet(Microsoft.Research.Naiad.Dataflow.Empty)] Missing &lt;returns&gt; documentation [C:\gits\naiad\Documentation\NaiadDocumentation\NaiadDocumentation\Help\Working\BuildReferenceTopics.proj]
BuildAssembler : warning : ShowMissingComponent: [M:Microsoft.Research.Naiad.Dataflow.Empty.Meet(Microsoft.Research.Naiad.Dataflow.Empty)] Missing &lt;param name=&quot;that&quot;/&gt; documentation [C:\gits\naiad\Documentation\NaiadDocumentation\NaiadDocumentation\Help\Working\BuildReferenceTopics.proj]
BuildAssembler : warning : ShowMissingComponent: [M:Microsoft.Research.Naiad.Dataflow.Empty.Populate(Microsoft.Research.Naiad.Runtime.Progress.Pointstamp@)] Missing &lt;returns&gt; documentation [C:\gits\naiad\Documentation\NaiadDocumentation\NaiadDocumentation\Help\Working\BuildReferenceTopics.proj]
BuildAssembler : warning : ShowMissingComponent: [M:Microsoft.Research.Naiad.Dataflow.Empty.Populate(Microsoft.Research.Naiad.Runtime.Progress.Pointstamp@)] Missing &lt;param name=&quot;version&quot;/&gt; documentation [C:\gits\naiad\Documentation\NaiadDocumentation\NaiadDocumentation\Help\Working\BuildReferenceTopics.proj]
BuildAssembler : warning : ShowMissingComponent: [M:Microsoft.Research.Naiad.Dataflow.Epoch.#ctor(System.Int32)] Missing &lt;param name=&quot;tt&quot;/&gt; documentation [C:\gits\naiad\Documentation\NaiadDocumentation\NaiadDocumentation\Help\Working\BuildReferenceTopics.proj]
BuildAssembler : warning : ShowMissingComponent: [M:Microsoft.Research.Naiad.Dataflow.Epoch.CompareTo(Microsoft.Research.Naiad.Dataflow.Epoch)] Missing &lt;returns&gt; documentation [C:\gits\naiad\Documentation\NaiadDocumentation\NaiadDocumentation\Help\Working\BuildReferenceTopics.proj]
BuildAssembler : warning : ShowMissingComponent: [M:Microsoft.Research.Naiad.Dataflow.Epoch.Equals(Microsoft.Research.Naiad.Dataflow.Epoch)] Missing &lt;returns&gt; documentation [C:\gits\naiad\Documentation\NaiadDocumentation\NaiadDocumentation\Help\Working\BuildReferenceTopics.proj]
BuildAssembler : warning : ShowMissingComponent: [M:Microsoft.Research.Naiad.Dataflow.Epoch.GetHashCode] Missing &lt;returns&gt; documentation [C:\gits\naiad\Documentation\NaiadDocumentation\NaiadDocumentation\Help\Working\BuildReferenceTopics.proj]
BuildAssembler : warning : ShowMissingComponent: [M:Microsoft.Research.Naiad.Dataflow.Epoch.InitializeFrom(Microsoft.Research.Naiad.Runtime.Progress.Pointstamp,System.Int32)] Missing &lt;returns&gt; documentation [C:\gits\naiad\Documentation\NaiadDocumentation\NaiadDocumentation\Help\Working\BuildReferenceTopics.proj]
BuildAssembler : warning : ShowMissingComponent: [M:Microsoft.Research.Naiad.Dataflow.Epoch.Join(Microsoft.Research.Naiad.Dataflow.Epoch)] Missing &lt;returns&gt; documentation [C:\gits\naiad\Documentation\NaiadDocumentation\NaiadDocumentation\Help\Working\BuildReferenceTopics.proj]
BuildAssembler : warning : ShowMissingComponent: [M:Microsoft.Research.Naiad.Dataflow.Epoch.LessThan(Microsoft.Research.Naiad.Dataflow.Epoch)] Missing &lt;returns&gt; documentation [C:\gits\naiad\Documentation\NaiadDocumentation\NaiadDocumentation\Help\Working\BuildReferenceTopics.proj]
BuildAssembler : warning : ShowMissingComponent: [M:Microsoft.Research.Naiad.Dataflow.Epoch.Meet(Microsoft.Research.Naiad.Dataflow.Epoch)] Missing &lt;returns&gt; documentation [C:\gits\naiad\Documentation\NaiadDocumentation\NaiadDocumentation\Help\Working\BuildReferenceTopics.proj]
BuildAssembler : warning : ShowMissingComponent: [M:Microsoft.Research.Naiad.Dataflow.Epoch.Populate(Microsoft.Research.Naiad.Runtime.Progress.Pointstamp@)] Missing &lt;returns&gt; documentation [C:\gits\naiad\Documentation\NaiadDocumentation\NaiadDocumentation\Help\Working\BuildReferenceTopics.proj]
BuildAssembler : warning : ShowMissingComponent: [M:Microsoft.Research.Naiad.Dataflow.Epoch.ToString] Missing &lt;returns&gt; documentation [C:\gits\naiad\Documentation\NaiadDocumentation\NaiadDocumentation\Help\Working\BuildReferenceTopics.proj]
BuildAssembler : warning : ShowMissingComponent: [M:Microsoft.Research.Naiad.Dataflow.IterationIn`1.GetHashCode] Missing &lt;returns&gt; documentation [C:\gits\naiad\Documentation\NaiadDocumentation\NaiadDocumentation\Help\Working\BuildReferenceTopics.proj]
BuildAssembler : warning : ShowMissingComponent: [M:Microsoft.Research.Naiad.Dataflow.IterationIn`1.ToString] Missing &lt;returns&gt; documentation [C:\gits\naiad\Documentation\NaiadDocumentation\NaiadDocumentation\Help\Working\BuildReferenceTopics.proj]
BuildAssembler : warning : ShowMissingComponent: [M:Microsoft.Research.Naiad.Dataflow.Placement.Equals(Microsoft.Research.Naiad.Dataflow.Placement)] Missing &lt;returns&gt; documentation [C:\gits\naiad\Documentation\NaiadDocumentation\NaiadDocumentation\Help\Working\BuildReferenceTopics.proj]
BuildAssembler : warning : ShowMissingComponent: [M:Microsoft.Research.Naiad.Dataflow.Placement.Equals(Microsoft.Research.Naiad.Dataflow.Placement)] Missing &lt;param name=&quot;that&quot;/&gt; documentation [C:\gits\naiad\Documentation\NaiadDocumentation\NaiadDocumentation\Help\Working\BuildReferenceTopics.proj]
BuildAssembler : warning : ShowMissingComponent: [M:Microsoft.Research.Naiad.Dataflow.Placement.GetEnumerator] Missing &lt;returns&gt; documentation [C:\gits\naiad\Documentation\NaiadDocumentation\NaiadDocumentation\Help\Working\BuildReferenceTopics.proj]
BuildAssembler : warning : ShowMissingComponent: [M:Microsoft.Research.Naiad.Dataflow.Placement.Explicit.#ctor(System.Collections.Generic.IEnumerable{Microsoft.Research.Naiad.Dataflow.VertexLocation})] Missing &lt;param name=&quot;locations&quot;/&gt; documentation [C:\gits\naiad\Documentation\NaiadDocumentation\NaiadDocumentation\Help\Working\BuildReferenceTopics.proj]
BuildAssembler : warning : ShowMissingComponent: [M:Microsoft.Research.Naiad.Dataflow.Placement.Explicit.Equals(Microsoft.Research.Naiad.Dataflow.Placement)] Missing &lt;returns&gt; documentation [C:\gits\naiad\Documentation\NaiadDocumentation\NaiadDocumentation\Help\Working\BuildReferenceTopics.proj]
BuildAssembler : warning : ShowMissingComponent: [M:Microsoft.Research.Naiad.Dataflow.Placement.Explicit.Equals(Microsoft.Research.Naiad.Dataflow.Placement)] Missing &lt;param name=&quot;that&quot;/&gt; documentation [C:\gits\naiad\Documentation\NaiadDocumentation\NaiadDocumentation\Help\Working\BuildReferenceTopics.proj]
BuildAssembler : warning : ShowMissingComponent: [M:Microsoft.Research.Naiad.Dataflow.Placement.Explicit.GetEnumerator] Missing &lt;returns&gt; documentation [C:\gits\naiad\Documentation\NaiadDocumentation\NaiadDocumentation\Help\Working\BuildReferenceTopics.proj]
BuildAssembler : warning : ShowMissingComponent: [M:Microsoft.Research.Naiad.Dataflow.Stage.NewInput``2(Microsoft.Research.Naiad.Stream{``0,``1},System.Linq.Expressions.Expression{System.Func{``0,System.Int32}})] Missing &lt;returns&gt; documentation [C:\gits\naiad\Documentation\NaiadDocumentation\NaiadDocumentation\Help\Working\BuildReferenceTopics.proj]
BuildAssembler : warning : ShowMissingComponent: [M:Microsoft.Research.Naiad.Dataflow.Stage.Restore(Microsoft.Research.Naiad.Serialization.NaiadReader)] Missing &lt;param name=&quot;reader&quot;/&gt; documentation [C:\gits\naiad\Documentation\NaiadDocumentation\NaiadDocumentation\Help\Working\BuildReferenceTopics.proj]
BuildAssembler : warning : ShowMissingComponent: [M:Microsoft.Research.Naiad.Dataflow.Stage.ToString] Missing &lt;returns&gt; documentation [C:\gits\naiad\Documentation\NaiadDocumentation\NaiadDocumentation\Help\Working\BuildReferenceTopics.proj]
BuildAssembler : warning : ShowMissingComponent: [M:Microsoft.Research.Naiad.Dataflow.StageInput`2.ToString] Missing &lt;returns&gt; documentation [C:\gits\naiad\Documentation\NaiadDocumentation\NaiadDocumentation\Help\Working\BuildReferenceTopics.proj]
BuildAssembler : warning : ShowMissingComponent: [T:Microsoft.Research.Naiad.Dataflow.StreamingInput`1] Missing &lt;typeparam name=&quot;TRecord&quot;/&gt; documentation [C:\gits\naiad\Documentation\NaiadDocumentation\NaiadDocumentation\Help\Working\BuildReferenceTopics.proj]
BuildAssembler : warning : ShowMissingComponent: [M:Microsoft.Research.Naiad.Dataflow.Vertex`1.OnNotify(`0)] Missing &lt;param name=&quot;time&quot;/&gt; documentation [C:\gits\naiad\Documentation\NaiadDocumentation\NaiadDocumentation\Help\Working\BuildReferenceTopics.proj]
BuildAssembler : warning : ShowMissingComponent: [T:Microsoft.Research.Naiad.Dataflow.VertexInput`2] Missing &lt;typeparam name=&quot;TRecord&quot;/&gt; documentation [C:\gits\naiad\Documentation\NaiadDocumentation\NaiadDocumentation\Help\Working\BuildReferenceTopics.proj]
BuildAssembler : warning : ShowMissingComponent: [T:Microsoft.Research.Naiad.Dataflow.VertexInput`2] Missing &lt;typeparam name=&quot;TTime&quot;/&gt; documentation [C:\gits\naiad\Documentation\NaiadDocumentation\NaiadDocumentation\Help\Working\BuildReferenceTopics.proj]
BuildAssembler : warning : ShowMissingComponent: [M:Microsoft.Research.Naiad.Dataflow.VertexInputBuffer`2.Checkpoint(Microsoft.Research.Naiad.Serialization.NaiadWriter)] Missing &lt;param name=&quot;writer&quot;/&gt; documentation [C:\gits\naiad\Documentation\NaiadDocumentation\NaiadDocumentation\Help\Working\BuildReferenceTopics.proj]
BuildAssembler : warning : ShowMissingComponent: [M:Microsoft.Research.Naiad.Dataflow.VertexInputBuffer`2.GetRecordsAt(`1)] Missing &lt;returns&gt; documentation [C:\gits\naiad\Documentation\NaiadDocumentation\NaiadDocumentation\Help\Working\BuildReferenceTopics.proj]
BuildAssembler : warning : ShowMissingComponent: [M:Microsoft.Research.Naiad.Dataflow.VertexInputBuffer`2.ToString] Missing &lt;returns&gt; documentation [C:\gits\naiad\Documentation\NaiadDocumentation\NaiadDocumentation\Help\Working\BuildReferenceTopics.proj]
BuildAssembler : warning : ShowMissingComponent: [M:Microsoft.Research.Naiad.Dataflow.VertexLocation.#ctor(System.Int32,System.Int32,System.Int32)] Missing &lt;param name=&quot;vertexId&quot;/&gt; documentation [C:\gits\naiad\Documentation\NaiadDocumentation\NaiadDocumentation\Help\Working\BuildReferenceTopics.proj]
BuildAssembler : warning : ShowMissingComponent: [M:Microsoft.Research.Naiad.Dataflow.VertexLocation.#ctor(System.Int32,System.Int32,System.Int32)] Missing &lt;param name=&quot;processId&quot;/&gt; documentation [C:\gits\naiad\Documentation\NaiadDocumentation\NaiadDocumentation\Help\Working\BuildReferenceTopics.proj]
BuildAssembler : warning : ShowMissingComponent: [M:Microsoft.Research.Naiad.Dataflow.VertexLocation.#ctor(System.Int32,System.Int32,System.Int32)] Missing &lt;param name=&quot;threadId&quot;/&gt; documentation [C:\gits\naiad\Documentation\NaiadDocumentation\NaiadDocumentation\Help\Working\BuildReferenceTopics.proj]
BuildAssembler : warning : ShowMissingComponent: [T:Microsoft.Research.Naiad.Dataflow.VertexOutput`2] Missing &lt;typeparam name=&quot;TRecord&quot;/&gt; documentation [C:\gits\naiad\Documentation\NaiadDocumentation\NaiadDocumentation\Help\Working\BuildReferenceTopics.proj]
BuildAssembler : warning : ShowMissingComponent: [T:Microsoft.Research.Naiad.Dataflow.VertexOutput`2] Missing &lt;typeparam name=&quot;TTime&quot;/&gt; documentation [C:\gits\naiad\Documentation\NaiadDocumentation\NaiadDocumentation\Help\Working\BuildReferenceTopics.proj]
BuildAssembler : warning : ShowMissingComponent: [N:Microsoft.Research.Naiad.Dataflow.Channels] Missing &lt;summary&gt; documentation [C:\gits\naiad\Documentation\NaiadDocumentation\NaiadDocumentation\Help\Working\BuildReferenceTopics.proj]
BuildAssembler : warning : ResolveReferenceLinksComponent: [N:Microsoft.Research.Naiad.Dataflow.StandardVertices] Unknown reference link target &#39;T:UnaryVertex&#39;. [C:\gits\naiad\Documentation\NaiadDocumentation\NaiadDocumentation\Help\Working\BuildReferenceTopics.proj]
BuildAssembler : warning : ResolveReferenceLinksComponent: [N:Microsoft.Research.Naiad.Dataflow.StandardVertices] Unknown reference link target &#39;T:BinaryVertex&#39;. [C:\gits\naiad\Documentation\NaiadDocumentation\NaiadDocumentation\Help\Working\BuildReferenceTopics.proj]
BuildAssembler : warning : ShowMissingComponent: [M:Microsoft.Research.Naiad.Dataflow.StandardVertices.BinaryBufferingVertex`4.OnNotify(`3)] Missing &lt;param name=&quot;time&quot;/&gt; documentation [C:\gits\naiad\Documentation\NaiadDocumentation\NaiadDocumentation\Help\Working\BuildReferenceTopics.proj]
BuildAssembler : warning : ShowMissingComponent: [M:Microsoft.Research.Naiad.Dataflow.StandardVertices.BinaryBufferingVertex`4.OnReceive1(Microsoft.Research.Naiad.Dataflow.Message{`0,`3})] Missing &lt;param name=&quot;message&quot;/&gt; documentation [C:\gits\naiad\Documentation\NaiadDocumentation\NaiadDocumentation\Help\Working\BuildReferenceTopics.proj]
BuildAssembler : warning : ShowMissingComponent: [M:Microsoft.Research.Naiad.Dataflow.StandardVertices.BinaryBufferingVertex`4.OnReceive2(Microsoft.Research.Naiad.Dataflow.Message{`1,`3})] Missing &lt;param name=&quot;message&quot;/&gt; documentation [C:\gits\naiad\Documentation\NaiadDocumentation\NaiadDocumentation\Help\Working\BuildReferenceTopics.proj]
BuildAssembler : warning : ShowMissingComponent: [M:Microsoft.Research.Naiad.Dataflow.StandardVertices.SinkBufferingVertex`2.OnNotify(`1)] Missing &lt;param name=&quot;time&quot;/&gt; documentation [C:\gits\naiad\Documentation\NaiadDocumentation\NaiadDocumentation\Help\Working\BuildReferenceTopics.proj]
BuildAssembler : warning : ShowMissingComponent: [M:Microsoft.Research.Naiad.Dataflow.StandardVertices.SinkBufferingVertex`2.OnReceive(Microsoft.Research.Naiad.Dataflow.Message{`0,`1})] Missing &lt;param name=&quot;record&quot;/&gt; documentation [C:\gits\naiad\Documentation\NaiadDocumentation\NaiadDocumentation\Help\Working\BuildReferenceTopics.proj]
BuildAssembler : warning : ShowMissingComponent: [M:Microsoft.Research.Naiad.Dataflow.StandardVertices.UnaryBufferingVertex`3.OnNotify(`2)] Missing &lt;param name=&quot;time&quot;/&gt; documentation [C:\gits\naiad\Documentation\NaiadDocumentation\NaiadDocumentation\Help\Working\BuildReferenceTopics.proj]
BuildAssembler : warning : ShowMissingComponent: [M:Microsoft.Research.Naiad.Dataflow.StandardVertices.UnaryBufferingVertex`3.OnReceive(Microsoft.Research.Naiad.Dataflow.Message{`0,`2})] Missing &lt;param name=&quot;message&quot;/&gt; documentation [C:\gits\naiad\Documentation\NaiadDocumentation\NaiadDocumentation\Help\Working\BuildReferenceTopics.proj]
BuildAssembler : warning : ShowMissingComponent: [M:Microsoft.Research.Naiad.Diagnostics.FrontierChangedEventArgs.#ctor(Microsoft.Research.Naiad.Runtime.Progress.Pointstamp[])] Missing &lt;param name=&quot;newFrontier&quot;/&gt; documentation [C:\gits\naiad\Documentation\NaiadDocumentation\NaiadDocumentation\Help\Working\BuildReferenceTopics.proj]
BuildAssembler : warning : ShowMissingComponent: [N:Microsoft.Research.Naiad.Frameworks.Azure] Missing &lt;summary&gt; documentation [C:\gits\naiad\Documentation\NaiadDocumentation\NaiadDocumentation\Help\Working\BuildReferenceTopics.proj]
BuildAssembler : warning : ResolveReferenceLinksComponent: [M:Microsoft.Research.Naiad.Frameworks.Azure.ConsoleExtensionMethods.SetConsoleError(Microsoft.Research.Naiad.Controller,Microsoft.WindowsAzure.Storage.Blob.CloudBlobContainer,System.String)] Unknown reference link target &#39;T:Microsoft.WindowsAzure.Storage.Blob.CloudBlobContainer&#39;. [C:\gits\naiad\Documentation\NaiadDocumentation\NaiadDocumentation\Help\Working\BuildReferenceTopics.proj]
BuildAssembler : warning : ResolveReferenceLinksComponent: [M:Microsoft.Research.Naiad.Frameworks.Azure.ConsoleExtensionMethods.SetConsoleOut(Microsoft.Research.Naiad.Controller,Microsoft.WindowsAzure.Storage.Blob.CloudBlobContainer,System.String)] Unknown reference link target &#39;T:Microsoft.WindowsAzure.Storage.Blob.CloudBlobContainer&#39;. [C:\gits\naiad\Documentation\NaiadDocumentation\NaiadDocumentation\Help\Working\BuildReferenceTopics.proj]
BuildAssembler : warning : ResolveReferenceLinksComponent: [T:Microsoft.Research.Naiad.Frameworks.Azure.ExtensionMethods] Unknown reference link target &#39;T:Microsoft.WindowsAzure.Storage.CloudStorageAccount&#39;. [C:\gits\naiad\Documentation\NaiadDocumentation\NaiadDocumentation\Help\Working\BuildReferenceTopics.proj]
BuildAssembler : warning : ResolveReferenceLinksComponent: [T:Microsoft.Research.Naiad.Frameworks.Azure.ExtensionMethods] Unknown reference link target &#39;T:Microsoft.WindowsAzure.Storage.Blob.CloudBlobContainer&#39;. [C:\gits\naiad\Documentation\NaiadDocumentation\NaiadDocumentation\Help\Working\BuildReferenceTopics.proj]
BuildAssembler : warning : ResolveReferenceLinksComponent: [Methods.T:Microsoft.Research.Naiad.Frameworks.Azure.ExtensionMethods] Unknown reference link target &#39;T:Microsoft.WindowsAzure.Storage.CloudStorageAccount&#39;. [C:\gits\naiad\Documentation\NaiadDocumentation\NaiadDocumentation\Help\Working\BuildReferenceTopics.proj]
BuildAssembler : warning : ResolveReferenceLinksComponent: [Methods.T:Microsoft.Research.Naiad.Frameworks.Azure.ExtensionMethods] Unknown reference link target &#39;T:Microsoft.WindowsAzure.Storage.Blob.CloudBlobContainer&#39;. [C:\gits\naiad\Documentation\NaiadDocumentation\NaiadDocumentation\Help\Working\BuildReferenceTopics.proj]
BuildAssembler : warning : ResolveReferenceLinksComponent: [M:Microsoft.Research.Naiad.Frameworks.Azure.ExtensionMethods.DefaultAccount(Microsoft.Research.Naiad.GraphManager)] Unknown reference link target &#39;T:Microsoft.WindowsAzure.Storage.CloudStorageAccount&#39;. [C:\gits\naiad\Documentation\NaiadDocumentation\NaiadDocumentation\Help\Working\BuildReferenceTopics.proj]
BuildAssembler : warning : ResolveReferenceLinksComponent: [M:Microsoft.Research.Naiad.Frameworks.Azure.ExtensionMethods.DefaultAccount(Microsoft.Research.Naiad.GraphManager)] Unknown reference link target &#39;T:Microsoft.WindowsAzure.Storage.CloudStorageAccount&#39;. [C:\gits\naiad\Documentation\NaiadDocumentation\NaiadDocumentation\Help\Working\BuildReferenceTopics.proj]
BuildAssembler : warning : ResolveReferenceLinksComponent: [M:Microsoft.Research.Naiad.Frameworks.Azure.ExtensionMethods.DefaultAccount(Microsoft.Research.Naiad.GraphManager)] Unknown reference link target &#39;T:Microsoft.WindowsAzure.Storage.CloudStorageAccount&#39;. [C:\gits\naiad\Documentation\NaiadDocumentation\NaiadDocumentation\Help\Working\BuildReferenceTopics.proj]
BuildAssembler : warning : ResolveReferenceLinksComponent: [M:Microsoft.Research.Naiad.Frameworks.Azure.ExtensionMethods.DefaultBlobContainer(Microsoft.Research.Naiad.GraphManager,System.String)] Unknown reference link target &#39;T:Microsoft.WindowsAzure.Storage.Blob.CloudBlobContainer&#39;. [C:\gits\naiad\Documentation\NaiadDocumentation\NaiadDocumentation\Help\Working\BuildReferenceTopics.proj]
BuildAssembler : warning : ResolveReferenceLinksComponent: [M:Microsoft.Research.Naiad.Frameworks.Azure.ExtensionMethods.DefaultBlobContainer(Microsoft.Research.Naiad.GraphManager,System.String)] Unknown reference link target &#39;T:Microsoft.WindowsAzure.Storage.Blob.CloudBlobContainer&#39;. [C:\gits\naiad\Documentation\NaiadDocumentation\NaiadDocumentation\Help\Working\BuildReferenceTopics.proj]
BuildAssembler : warning : ResolveReferenceLinksComponent: [M:Microsoft.Research.Naiad.Frameworks.Azure.ExtensionMethods.ReadBinaryFromAzureBlobs``1(Microsoft.Research.Naiad.GraphManager,Microsoft.WindowsAzure.Storage.Blob.CloudBlobContainer,System.String)] Unknown reference link target &#39;T:Microsoft.WindowsAzure.Storage.Blob.CloudBlobContainer&#39;. [C:\gits\naiad\Documentation\NaiadDocumentation\NaiadDocumentation\Help\Working\BuildReferenceTopics.proj]
BuildAssembler : warning : ResolveReferenceLinksComponent: [M:Microsoft.Research.Naiad.Frameworks.Azure.ExtensionMethods.ReadCustomBinaryFromAzureBlobs``1(Microsoft.Research.Naiad.GraphManager,Microsoft.WindowsAzure.Storage.Blob.CloudBlobContainer,System.String,System.Func{System.IO.BinaryReader,System.Collections.Generic.IEnumerable{``0}})] Unknown reference link target &#39;T:Microsoft.WindowsAzure.Storage.Blob.CloudBlobContainer&#39;. [C:\gits\naiad\Documentation\NaiadDocumentation\NaiadDocumentation\Help\Working\BuildReferenceTopics.proj]
BuildAssembler : warning : ResolveReferenceLinksComponent: [M:Microsoft.Research.Naiad.Frameworks.Azure.ExtensionMethods.ReadFromAzureBlobs``1(Microsoft.Research.Naiad.GraphManager,Microsoft.WindowsAzure.Storage.Blob.CloudBlobContainer,System.String,System.Func{System.IO.Stream,System.Collections.Generic.IEnumerable{``0}})] Unknown reference link target &#39;T:Microsoft.WindowsAzure.Storage.Blob.CloudBlobContainer&#39;. [C:\gits\naiad\Documentation\NaiadDocumentation\NaiadDocumentation\Help\Working\BuildReferenceTopics.proj]
BuildAssembler : warning : ResolveReferenceLinksComponent: [M:Microsoft.Research.Naiad.Frameworks.Azure.ExtensionMethods.ReadFromAzureTable``1(Microsoft.Research.Naiad.GraphManager,Microsoft.WindowsAzure.Storage.Table.CloudTable,Microsoft.WindowsAzure.Storage.Table.TableQuery{``0})] Unknown reference link target &#39;T:Microsoft.WindowsAzure.Storage.Table.CloudTable&#39;. [C:\gits\naiad\Documentation\NaiadDocumentation\NaiadDocumentation\Help\Working\BuildReferenceTopics.proj]
BuildAssembler : warning : ResolveReferenceLinksComponent: [M:Microsoft.Research.Naiad.Frameworks.Azure.ExtensionMethods.ReadFromAzureTable``1(Microsoft.Research.Naiad.GraphManager,Microsoft.WindowsAzure.Storage.Table.CloudTable,Microsoft.WindowsAzure.Storage.Table.TableQuery{``0})] Unknown reference link target &#39;T:Microsoft.WindowsAzure.Storage.Table.TableQuery`1&#39;. [C:\gits\naiad\Documentation\NaiadDocumentation\NaiadDocumentation\Help\Working\BuildReferenceTopics.proj]
BuildAssembler : warning : ResolveReferenceLinksComponent: [M:Microsoft.Research.Naiad.Frameworks.Azure.ExtensionMethods.ReadTextFromAzureBlobs(Microsoft.Research.Naiad.GraphManager,Microsoft.WindowsAzure.Storage.Blob.CloudBlobContainer,System.String)] Unknown reference link target &#39;T:Microsoft.WindowsAzure.Storage.Blob.CloudBlobContainer&#39;. [C:\gits\naiad\Documentation\NaiadDocumentation\NaiadDocumentation\Help\Working\BuildReferenceTopics.proj]
BuildAssembler : warning : ResolveReferenceLinksComponent: [M:Microsoft.Research.Naiad.Frameworks.Azure.ExtensionMethods.WriteBinaryToAzureBlobs``1(Microsoft.Research.Naiad.Stream{``0,Microsoft.Research.Naiad.Dataflow.Epoch},Microsoft.WindowsAzure.Storage.Blob.CloudBlobContainer,System.String)] Unknown reference link target &#39;T:Microsoft.WindowsAzure.Storage.Blob.CloudBlobContainer&#39;. [C:\gits\naiad\Documentation\NaiadDocumentation\NaiadDocumentation\Help\Working\BuildReferenceTopics.proj]
BuildAssembler : warning : ResolveReferenceLinksComponent: [M:Microsoft.Research.Naiad.Frameworks.Azure.ExtensionMethods.WriteCustomBinaryToAzureBlobs``1(Microsoft.Research.Naiad.Stream{``0,Microsoft.Research.Naiad.Dataflow.Epoch},Microsoft.WindowsAzure.Storage.Blob.CloudBlobContainer,System.String,System.Action{System.IO.BinaryWriter,``0})] Unknown reference link target &#39;T:Microsoft.WindowsAzure.Storage.Blob.CloudBlobContainer&#39;. [C:\gits\naiad\Documentation\NaiadDocumentation\NaiadDocumentation\Help\Working\BuildReferenceTopics.proj]
BuildAssembler : warning : ResolveReferenceLinksComponent: [M:Microsoft.Research.Naiad.Frameworks.Azure.ExtensionMethods.WriteTextToAzureBlobs(Microsoft.Research.Naiad.Stream{System.String,Microsoft.Research.Naiad.Dataflow.Epoch},Microsoft.WindowsAzure.Storage.Blob.CloudBlobContainer,System.String)] Unknown reference link target &#39;T:Microsoft.WindowsAzure.Storage.Blob.CloudBlobContainer&#39;. [C:\gits\naiad\Documentation\NaiadDocumentation\NaiadDocumentation\Help\Working\BuildReferenceTopics.proj]
BuildAssembler : warning : ResolveReferenceLinksComponent: [M:Microsoft.Research.Naiad.Frameworks.Azure.ExtensionMethods.WriteTextToAzureBlobs``1(Microsoft.Research.Naiad.Stream{``0,Microsoft.Research.Naiad.Dataflow.Epoch},Microsoft.WindowsAzure.Storage.Blob.CloudBlobContainer,System.String)] Unknown reference link target &#39;T:Microsoft.WindowsAzure.Storage.Blob.CloudBlobContainer&#39;. [C:\gits\naiad\Documentation\NaiadDocumentation\NaiadDocumentation\Help\Working\BuildReferenceTopics.proj]
BuildAssembler : warning : ResolveReferenceLinksComponent: [M:Microsoft.Research.Naiad.Frameworks.Azure.ExtensionMethods.WriteToAzureBlobs``1(Microsoft.Research.Naiad.Stream{``0,Microsoft.Research.Naiad.Dataflow.Epoch},Microsoft.WindowsAzure.Storage.Blob.CloudBlobContainer,System.String,System.Func{Microsoft.WindowsAzure.Storage.Blob.CloudBlobStream,System.IObserver{``0}})] Unknown reference link target &#39;T:Microsoft.WindowsAzure.Storage.Blob.CloudBlobContainer&#39;. [C:\gits\naiad\Documentation\NaiadDocumentation\NaiadDocumentation\Help\Working\BuildReferenceTopics.proj]
BuildAssembler : warning : ResolveReferenceLinksComponent: [M:Microsoft.Research.Naiad.Frameworks.Azure.ExtensionMethods.WriteToAzureBlobs``1(Microsoft.Research.Naiad.Stream{``0,Microsoft.Research.Naiad.Dataflow.Epoch},Microsoft.WindowsAzure.Storage.Blob.CloudBlobContainer,System.String,System.Func{Microsoft.WindowsAzure.Storage.Blob.CloudBlobStream,System.IObserver{``0}})] Unknown reference link target &#39;T:Microsoft.WindowsAzure.Storage.Blob.CloudBlobStream&#39;. [C:\gits\naiad\Documentation\NaiadDocumentation\NaiadDocumentation\Help\Working\BuildReferenceTopics.proj]
BuildAssembler : warning : ResolveReferenceLinksComponent: [N:Microsoft.Research.Naiad.Frameworks.DifferentialDataflow] Unknown reference link target &#39;T:Microsoft.Research.Naiad.Frameworks.DifferentialDataflow.IncrementalCollection`1&#39;. [C:\gits\naiad\Documentation\NaiadDocumentation\NaiadDocumentation\Help\Working\BuildReferenceTopics.proj]
BuildAssembler : warning : ShowMissingComponent: [M:Microsoft.Research.Naiad.Frameworks.DifferentialDataflow.ExtensionMethods.SlidingWindow``1(Microsoft.Research.Naiad.Stream{``0,Microsoft.Research.Naiad.Dataflow.Epoch},System.Int32)] Missing &lt;param name=&quot;stream&quot;/&gt; documentation [C:\gits\naiad\Documentation\NaiadDocumentation\NaiadDocumentation\Help\Working\BuildReferenceTopics.proj]
BuildAssembler : warning : ShowMissingComponent: [M:Microsoft.Research.Naiad.Frameworks.DifferentialDataflow.IntPair.CompareTo(Microsoft.Research.Naiad.Frameworks.DifferentialDataflow.IntPair)] Missing &lt;returns&gt; documentation [C:\gits\naiad\Documentation\NaiadDocumentation\NaiadDocumentation\Help\Working\BuildReferenceTopics.proj]
BuildAssembler : warning : ShowMissingComponent: [M:Microsoft.Research.Naiad.Frameworks.DifferentialDataflow.IntPair.CompareTo(Microsoft.Research.Naiad.Frameworks.DifferentialDataflow.IntPair)] Missing &lt;param name=&quot;that&quot;/&gt; documentation [C:\gits\naiad\Documentation\NaiadDocumentation\NaiadDocumentation\Help\Working\BuildReferenceTopics.proj]
BuildAssembler : warning : ShowMissingComponent: [M:Microsoft.Research.Naiad.Frameworks.DifferentialDataflow.IntPair.Equals(Microsoft.Research.Naiad.Frameworks.DifferentialDataflow.IntPair)] Missing &lt;returns&gt; documentation [C:\gits\naiad\Documentation\NaiadDocumentation\NaiadDocumentation\Help\Working\BuildReferenceTopics.proj]
BuildAssembler : warning : ShowMissingComponent: [M:Microsoft.Research.Naiad.Frameworks.DifferentialDataflow.IntPair.GetHashCode] Missing &lt;returns&gt; documentation [C:\gits\naiad\Documentation\NaiadDocumentation\NaiadDocumentation\Help\Working\BuildReferenceTopics.proj]
BuildAssembler : warning : ShowMissingComponent: [M:Microsoft.Research.Naiad.Frameworks.DifferentialDataflow.IntPair.ToString] Missing &lt;returns&gt; documentation [C:\gits\naiad\Documentation\NaiadDocumentation\NaiadDocumentation\Help\Working\BuildReferenceTopics.proj]
BuildAssembler : warning : ShowMissingComponent: [M:Microsoft.Research.Naiad.Frameworks.DifferentialDataflow.Weighted`1.Equals(Microsoft.Research.Naiad.Frameworks.DifferentialDataflow.Weighted{`0})] Missing &lt;returns&gt; documentation [C:\gits\naiad\Documentation\NaiadDocumentation\NaiadDocumentation\Help\Working\BuildReferenceTopics.proj]
BuildAssembler : warning : ShowMissingComponent: [M:Microsoft.Research.Naiad.Frameworks.DifferentialDataflow.Weighted`1.ToString] Missing &lt;returns&gt; documentation [C:\gits\naiad\Documentation\NaiadDocumentation\NaiadDocumentation\Help\Working\BuildReferenceTopics.proj]
BuildAssembler : warning : ShowMissingComponent: [T:Microsoft.Research.Naiad.Input.DataSource`1] Missing &lt;typeparam name=&quot;TRecord&quot;/&gt; documentation [C:\gits\naiad\Documentation\NaiadDocumentation\NaiadDocumentation\Help\Working\BuildReferenceTopics.proj]
BuildAssembler : warning : ShowMissingComponent: [T:Microsoft.Research.Naiad.Input.InterGraphDataSink`1] Missing &lt;typeparam name=&quot;TRecord&quot;/&gt; documentation [C:\gits\naiad\Documentation\NaiadDocumentation\NaiadDocumentation\Help\Working\BuildReferenceTopics.proj]
BuildAssembler : warning : ShowMissingComponent: [M:Microsoft.Research.Naiad.Input.InterGraphDataSource`1.#ctor(Microsoft.Research.Naiad.Input.InterGraphDataSink{`0})] Missing &lt;param name=&quot;sink&quot;/&gt; documentation [C:\gits\naiad\Documentation\NaiadDocumentation\NaiadDocumentation\Help\Working\BuildReferenceTopics.proj]
BuildAssembler : warning : ShowMissingComponent: [M:Microsoft.Research.Naiad.Runtime.Progress.Pointstamp.GetHashCode] Missing &lt;returns&gt; documentation [C:\gits\naiad\Documentation\NaiadDocumentation\NaiadDocumentation\Help\Working\BuildReferenceTopics.proj]
BuildAssembler : warning : ShowMissingComponent: [M:Microsoft.Research.Naiad.Runtime.Progress.Pointstamp.ToString] Missing &lt;returns&gt; documentation [C:\gits\naiad\Documentation\NaiadDocumentation\NaiadDocumentation\Help\Working\BuildReferenceTopics.proj]
BuildAssembler : warning : ShowMissingComponent: [M:Microsoft.Research.Naiad.Runtime.Progress.Pointstamp.FakeArray.#ctor(System.Int32)] Missing &lt;param name=&quot;size&quot;/&gt; documentation [C:\gits\naiad\Documentation\NaiadDocumentation\NaiadDocumentation\Help\Working\BuildReferenceTopics.proj]
BuildAssembler : warning : ShowMissingComponent: [M:Microsoft.Research.Naiad.Runtime.Progress.Pointstamp.FakeArray.ToString] Missing &lt;returns&gt; documentation [C:\gits\naiad\Documentation\NaiadDocumentation\NaiadDocumentation\Help\Working\BuildReferenceTopics.proj]
BuildAssembler : warning : ShowMissingComponent: [M:Microsoft.Research.Naiad.Serialization.CheckpointRestoreExtensionMethods.RestoreArray``1(Microsoft.Research.Naiad.Serialization.NaiadReader,System.Func{System.Int32,``0[]})] Missing &lt;returns&gt; documentation [C:\gits\naiad\Documentation\NaiadDocumentation\NaiadDocumentation\Help\Working\BuildReferenceTopics.proj]
BuildAssembler : warning : ShowMissingComponent: [T:Microsoft.Research.Naiad.Serialization.NaiadWriter`1] Missing &lt;typeparam name=&quot;TElement&quot;/&gt; documentation [C:\gits\naiad\Documentation\NaiadDocumentation\NaiadDocumentation\Help\Working\BuildReferenceTopics.proj]
BuildAssembler : warning : ShowMissingComponent: [T:Microsoft.Research.Naiad.Utilities.DependencyLister] Missing &lt;summary&gt; documentation [C:\gits\naiad\Documentation\NaiadDocumentation\NaiadDocumentation\Help\Working\BuildReferenceTopics.proj]
  Processed 876 topic(s)
  124 warning(s)
  CopyFromIndexComponent: &quot;reflection&quot; in-memory cache entries used: 9 of 15.
  CopyFromIndexComponent: &quot;comments&quot; in-memory cache entries used: 5 of 30.
  ResolveReferenceLinksComponent: New MSDN content ID cache size: 133 entries
Done Building Project &quot;C:\gits\naiad\Documentation\NaiadDocumentation\NaiadDocumentation\Help\Working\BuildReferenceTopics.proj&quot; (default targets).

Build succeeded.

Time Elapsed 00:00:31.17
    Last step completed in 00:00:31.2786
</buildStep>
<buildStep step="CombiningIntermediateTocFiles">
Combining conceptual and API intermediate TOC files...

Clearing any prior web output
    Last step completed in 00:00:00.3500
</buildStep>
<buildStep step="ExtractingHtmlInfo">
Extracting HTML info for HTML Help 1 and/or website...
[C:\Program Files (x86)\MSBuild\12.0\bin\MSBuild.exe]
Sandcastle Help File Builder, version 2014.2.15.0 Beta
Copyright c 2006-2014, Eric Woodruff, All Rights Reserved
E-Mail: Eric@EWoodruff.us

Using LCID &#39;1033&#39;, code page &#39;65001&#39;, encoding charset &#39;UTF-8&#39;.

Processing website files in C:\gits\naiad\Documentation\NaiadDocumentation\NaiadDocumentation\Help\Working\Output\Website
Processed 881 HTML files
Sorting keywords and generating See Also indices
Saving website keyword index to C:\gits\naiad\Documentation\NaiadDocumentation\NaiadDocumentation\Help\Working\WebKI.xml
Saving website table of contents to C:\gits\naiad\Documentation\NaiadDocumentation\NaiadDocumentation\Help\Working\WebTOC.xml
    Last step completed in 00:00:06.4623
</buildStep>
<buildStep step="CopyStandardHelpContent">
Copying standard help content...
C:\Program Files (x86)\EWSoftware\Sandcastle Help File Builder\PresentationStyles\VS2010\icons\1_404_bullet.gif -&gt; C:\gits\naiad\Documentation\NaiadDocumentation\NaiadDocumentation\Help\Working\Output\Website\icons\1_404_bullet.gif
C:\Program Files (x86)\EWSoftware\Sandcastle Help File Builder\PresentationStyles\VS2010\icons\2_404_bullet.gif -&gt; C:\gits\naiad\Documentation\NaiadDocumentation\NaiadDocumentation\Help\Working\Output\Website\icons\2_404_bullet.gif
C:\Program Files (x86)\EWSoftware\Sandcastle Help File Builder\PresentationStyles\VS2010\icons\alert_caution.gif -&gt; C:\gits\naiad\Documentation\NaiadDocumentation\NaiadDocumentation\Help\Working\Output\Website\icons\alert_caution.gif
C:\Program Files (x86)\EWSoftware\Sandcastle Help File Builder\PresentationStyles\VS2010\icons\alert_note.gif -&gt; C:\gits\naiad\Documentation\NaiadDocumentation\NaiadDocumentation\Help\Working\Output\Website\icons\alert_note.gif
C:\Program Files (x86)\EWSoftware\Sandcastle Help File Builder\PresentationStyles\VS2010\icons\alert_security.gif -&gt; C:\gits\naiad\Documentation\NaiadDocumentation\NaiadDocumentation\Help\Working\Output\Website\icons\alert_security.gif
C:\Program Files (x86)\EWSoftware\Sandcastle Help File Builder\PresentationStyles\VS2010\icons\CFW.gif -&gt; C:\gits\naiad\Documentation\NaiadDocumentation\NaiadDocumentation\Help\Working\Output\Website\icons\CFW.gif
C:\Program Files (x86)\EWSoftware\Sandcastle Help File Builder\PresentationStyles\VS2010\icons\close.gif -&gt; C:\gits\naiad\Documentation\NaiadDocumentation\NaiadDocumentation\Help\Working\Output\Website\icons\close.gif
C:\Program Files (x86)\EWSoftware\Sandcastle Help File Builder\PresentationStyles\VS2010\icons\favicon.ico -&gt; C:\gits\naiad\Documentation\NaiadDocumentation\NaiadDocumentation\Help\Working\Output\Website\icons\favicon.ico
C:\Program Files (x86)\EWSoftware\Sandcastle Help File Builder\PresentationStyles\VS2010\icons\footer_slice.gif -&gt; C:\gits\naiad\Documentation\NaiadDocumentation\NaiadDocumentation\Help\Working\Output\Website\icons\footer_slice.gif
C:\Program Files (x86)\EWSoftware\Sandcastle Help File Builder\PresentationStyles\VS2010\icons\info_icon.gif -&gt; C:\gits\naiad\Documentation\NaiadDocumentation\NaiadDocumentation\Help\Working\Output\Website\icons\info_icon.gif
C:\Program Files (x86)\EWSoftware\Sandcastle Help File Builder\PresentationStyles\VS2010\icons\note.gif -&gt; C:\gits\naiad\Documentation\NaiadDocumentation\NaiadDocumentation\Help\Working\Output\Website\icons\note.gif
C:\Program Files (x86)\EWSoftware\Sandcastle Help File Builder\PresentationStyles\VS2010\icons\online_icon.gif -&gt; C:\gits\naiad\Documentation\NaiadDocumentation\NaiadDocumentation\Help\Working\Output\Website\icons\online_icon.gif
C:\Program Files (x86)\EWSoftware\Sandcastle Help File Builder\PresentationStyles\VS2010\icons\open.gif -&gt; C:\gits\naiad\Documentation\NaiadDocumentation\NaiadDocumentation\Help\Working\Output\Website\icons\open.gif
C:\Program Files (x86)\EWSoftware\Sandcastle Help File Builder\PresentationStyles\VS2010\icons\pencil.GIF -&gt; C:\gits\naiad\Documentation\NaiadDocumentation\NaiadDocumentation\Help\Working\Output\Website\icons\pencil.GIF
C:\Program Files (x86)\EWSoftware\Sandcastle Help File Builder\PresentationStyles\VS2010\icons\privclass.gif -&gt; C:\gits\naiad\Documentation\NaiadDocumentation\NaiadDocumentation\Help\Working\Output\Website\icons\privclass.gif
C:\Program Files (x86)\EWSoftware\Sandcastle Help File Builder\PresentationStyles\VS2010\icons\privdelegate.gif -&gt; C:\gits\naiad\Documentation\NaiadDocumentation\NaiadDocumentation\Help\Working\Output\Website\icons\privdelegate.gif
C:\Program Files (x86)\EWSoftware\Sandcastle Help File Builder\PresentationStyles\VS2010\icons\privenumeration.gif -&gt; C:\gits\naiad\Documentation\NaiadDocumentation\NaiadDocumentation\Help\Working\Output\Website\icons\privenumeration.gif
C:\Program Files (x86)\EWSoftware\Sandcastle Help File Builder\PresentationStyles\VS2010\icons\privevent.gif -&gt; C:\gits\naiad\Documentation\NaiadDocumentation\NaiadDocumentation\Help\Working\Output\Website\icons\privevent.gif
C:\Program Files (x86)\EWSoftware\Sandcastle Help File Builder\PresentationStyles\VS2010\icons\privextension.gif -&gt; C:\gits\naiad\Documentation\NaiadDocumentation\NaiadDocumentation\Help\Working\Output\Website\icons\privextension.gif
C:\Program Files (x86)\EWSoftware\Sandcastle Help File Builder\PresentationStyles\VS2010\icons\privfield.gif -&gt; C:\gits\naiad\Documentation\NaiadDocumentation\NaiadDocumentation\Help\Working\Output\Website\icons\privfield.gif
C:\Program Files (x86)\EWSoftware\Sandcastle Help File Builder\PresentationStyles\VS2010\icons\privinterface.gif -&gt; C:\gits\naiad\Documentation\NaiadDocumentation\NaiadDocumentation\Help\Working\Output\Website\icons\privinterface.gif
C:\Program Files (x86)\EWSoftware\Sandcastle Help File Builder\PresentationStyles\VS2010\icons\privmethod.gif -&gt; C:\gits\naiad\Documentation\NaiadDocumentation\NaiadDocumentation\Help\Working\Output\Website\icons\privmethod.gif
C:\Program Files (x86)\EWSoftware\Sandcastle Help File Builder\PresentationStyles\VS2010\icons\privproperty.gif -&gt; C:\gits\naiad\Documentation\NaiadDocumentation\NaiadDocumentation\Help\Working\Output\Website\icons\privproperty.gif
C:\Program Files (x86)\EWSoftware\Sandcastle Help File Builder\PresentationStyles\VS2010\icons\privstructure.gif -&gt; C:\gits\naiad\Documentation\NaiadDocumentation\NaiadDocumentation\Help\Working\Output\Website\icons\privstructure.gif
C:\Program Files (x86)\EWSoftware\Sandcastle Help File Builder\PresentationStyles\VS2010\icons\protclass.gif -&gt; C:\gits\naiad\Documentation\NaiadDocumentation\NaiadDocumentation\Help\Working\Output\Website\icons\protclass.gif
C:\Program Files (x86)\EWSoftware\Sandcastle Help File Builder\PresentationStyles\VS2010\icons\protdelegate.gif -&gt; C:\gits\naiad\Documentation\NaiadDocumentation\NaiadDocumentation\Help\Working\Output\Website\icons\protdelegate.gif
C:\Program Files (x86)\EWSoftware\Sandcastle Help File Builder\PresentationStyles\VS2010\icons\protenumeration.gif -&gt; C:\gits\naiad\Documentation\NaiadDocumentation\NaiadDocumentation\Help\Working\Output\Website\icons\protenumeration.gif
C:\Program Files (x86)\EWSoftware\Sandcastle Help File Builder\PresentationStyles\VS2010\icons\protevent.gif -&gt; C:\gits\naiad\Documentation\NaiadDocumentation\NaiadDocumentation\Help\Working\Output\Website\icons\protevent.gif
C:\Program Files (x86)\EWSoftware\Sandcastle Help File Builder\PresentationStyles\VS2010\icons\protextension.gif -&gt; C:\gits\naiad\Documentation\NaiadDocumentation\NaiadDocumentation\Help\Working\Output\Website\icons\protextension.gif
C:\Program Files (x86)\EWSoftware\Sandcastle Help File Builder\PresentationStyles\VS2010\icons\protfield.gif -&gt; C:\gits\naiad\Documentation\NaiadDocumentation\NaiadDocumentation\Help\Working\Output\Website\icons\protfield.gif
C:\Program Files (x86)\EWSoftware\Sandcastle Help File Builder\PresentationStyles\VS2010\icons\protinterface.gif -&gt; C:\gits\naiad\Documentation\NaiadDocumentation\NaiadDocumentation\Help\Working\Output\Website\icons\protinterface.gif
C:\Program Files (x86)\EWSoftware\Sandcastle Help File Builder\PresentationStyles\VS2010\icons\protmethod.gif -&gt; C:\gits\naiad\Documentation\NaiadDocumentation\NaiadDocumentation\Help\Working\Output\Website\icons\protmethod.gif
C:\Program Files (x86)\EWSoftware\Sandcastle Help File Builder\PresentationStyles\VS2010\icons\protoperator.gif -&gt; C:\gits\naiad\Documentation\NaiadDocumentation\NaiadDocumentation\Help\Working\Output\Website\icons\protoperator.gif
C:\Program Files (x86)\EWSoftware\Sandcastle Help File Builder\PresentationStyles\VS2010\icons\protproperty.gif -&gt; C:\gits\naiad\Documentation\NaiadDocumentation\NaiadDocumentation\Help\Working\Output\Website\icons\protproperty.gif
C:\Program Files (x86)\EWSoftware\Sandcastle Help File Builder\PresentationStyles\VS2010\icons\protstructure.gif -&gt; C:\gits\naiad\Documentation\NaiadDocumentation\NaiadDocumentation\Help\Working\Output\Website\icons\protstructure.gif
C:\Program Files (x86)\EWSoftware\Sandcastle Help File Builder\PresentationStyles\VS2010\icons\pubclass.gif -&gt; C:\gits\naiad\Documentation\NaiadDocumentation\NaiadDocumentation\Help\Working\Output\Website\icons\pubclass.gif
C:\Program Files (x86)\EWSoftware\Sandcastle Help File Builder\PresentationStyles\VS2010\icons\pubdelegate.gif -&gt; C:\gits\naiad\Documentation\NaiadDocumentation\NaiadDocumentation\Help\Working\Output\Website\icons\pubdelegate.gif
C:\Program Files (x86)\EWSoftware\Sandcastle Help File Builder\PresentationStyles\VS2010\icons\pubenumeration.gif -&gt; C:\gits\naiad\Documentation\NaiadDocumentation\NaiadDocumentation\Help\Working\Output\Website\icons\pubenumeration.gif
C:\Program Files (x86)\EWSoftware\Sandcastle Help File Builder\PresentationStyles\VS2010\icons\pubevent.gif -&gt; C:\gits\naiad\Documentation\NaiadDocumentation\NaiadDocumentation\Help\Working\Output\Website\icons\pubevent.gif
C:\Program Files (x86)\EWSoftware\Sandcastle Help File Builder\PresentationStyles\VS2010\icons\pubextension.gif -&gt; C:\gits\naiad\Documentation\NaiadDocumentation\NaiadDocumentation\Help\Working\Output\Website\icons\pubextension.gif
C:\Program Files (x86)\EWSoftware\Sandcastle Help File Builder\PresentationStyles\VS2010\icons\pubfield.gif -&gt; C:\gits\naiad\Documentation\NaiadDocumentation\NaiadDocumentation\Help\Working\Output\Website\icons\pubfield.gif
C:\Program Files (x86)\EWSoftware\Sandcastle Help File Builder\PresentationStyles\VS2010\icons\pubinterface.gif -&gt; C:\gits\naiad\Documentation\NaiadDocumentation\NaiadDocumentation\Help\Working\Output\Website\icons\pubinterface.gif
C:\Program Files (x86)\EWSoftware\Sandcastle Help File Builder\PresentationStyles\VS2010\icons\pubmethod.gif -&gt; C:\gits\naiad\Documentation\NaiadDocumentation\NaiadDocumentation\Help\Working\Output\Website\icons\pubmethod.gif
C:\Program Files (x86)\EWSoftware\Sandcastle Help File Builder\PresentationStyles\VS2010\icons\puboperator.gif -&gt; C:\gits\naiad\Documentation\NaiadDocumentation\NaiadDocumentation\Help\Working\Output\Website\icons\puboperator.gif
C:\Program Files (x86)\EWSoftware\Sandcastle Help File Builder\PresentationStyles\VS2010\icons\pubproperty.gif -&gt; C:\gits\naiad\Documentation\NaiadDocumentation\NaiadDocumentation\Help\Working\Output\Website\icons\pubproperty.gif
C:\Program Files (x86)\EWSoftware\Sandcastle Help File Builder\PresentationStyles\VS2010\icons\pubstructure.gif -&gt; C:\gits\naiad\Documentation\NaiadDocumentation\NaiadDocumentation\Help\Working\Output\Website\icons\pubstructure.gif
C:\Program Files (x86)\EWSoftware\Sandcastle Help File Builder\PresentationStyles\VS2010\icons\search.gif -&gt; C:\gits\naiad\Documentation\NaiadDocumentation\NaiadDocumentation\Help\Working\Output\Website\icons\search.gif
C:\Program Files (x86)\EWSoftware\Sandcastle Help File Builder\PresentationStyles\VS2010\icons\search_bk.gif -&gt; C:\gits\naiad\Documentation\NaiadDocumentation\NaiadDocumentation\Help\Working\Output\Website\icons\search_bk.gif
C:\Program Files (x86)\EWSoftware\Sandcastle Help File Builder\PresentationStyles\VS2010\icons\security.gif -&gt; C:\gits\naiad\Documentation\NaiadDocumentation\NaiadDocumentation\Help\Working\Output\Website\icons\security.gif
C:\Program Files (x86)\EWSoftware\Sandcastle Help File Builder\PresentationStyles\VS2010\icons\slMobile.gif -&gt; C:\gits\naiad\Documentation\NaiadDocumentation\NaiadDocumentation\Help\Working\Output\Website\icons\slMobile.gif
C:\Program Files (x86)\EWSoftware\Sandcastle Help File Builder\PresentationStyles\VS2010\icons\static.gif -&gt; C:\gits\naiad\Documentation\NaiadDocumentation\NaiadDocumentation\Help\Working\Output\Website\icons\static.gif
C:\Program Files (x86)\EWSoftware\Sandcastle Help File Builder\PresentationStyles\VS2010\icons\tabLeftBG.gif -&gt; C:\gits\naiad\Documentation\NaiadDocumentation\NaiadDocumentation\Help\Working\Output\Website\icons\tabLeftBG.gif
C:\Program Files (x86)\EWSoftware\Sandcastle Help File Builder\PresentationStyles\VS2010\icons\tabRightBG.gif -&gt; C:\gits\naiad\Documentation\NaiadDocumentation\NaiadDocumentation\Help\Working\Output\Website\icons\tabRightBG.gif
C:\Program Files (x86)\EWSoftware\Sandcastle Help File Builder\PresentationStyles\VS2010\icons\ui_om_collapse.gif -&gt; C:\gits\naiad\Documentation\NaiadDocumentation\NaiadDocumentation\Help\Working\Output\Website\icons\ui_om_collapse.gif
C:\Program Files (x86)\EWSoftware\Sandcastle Help File Builder\PresentationStyles\VS2010\icons\ui_om_expand.gif -&gt; C:\gits\naiad\Documentation\NaiadDocumentation\NaiadDocumentation\Help\Working\Output\Website\icons\ui_om_expand.gif
C:\Program Files (x86)\EWSoftware\Sandcastle Help File Builder\PresentationStyles\VS2010\icons\xna.gif -&gt; C:\gits\naiad\Documentation\NaiadDocumentation\NaiadDocumentation\Help\Working\Output\Website\icons\xna.gif
C:\Program Files (x86)\EWSoftware\Sandcastle Help File Builder\PresentationStyles\VS2010\scripts\branding.js -&gt; C:\gits\naiad\Documentation\NaiadDocumentation\NaiadDocumentation\Help\Working\Output\Website\scripts\branding.js
C:\Program Files (x86)\EWSoftware\Sandcastle Help File Builder\PresentationStyles\VS2010\styles\branding-cs-CZ.css -&gt; C:\gits\naiad\Documentation\NaiadDocumentation\NaiadDocumentation\Help\Working\Output\Website\styles\branding-cs-CZ.css
C:\Program Files (x86)\EWSoftware\Sandcastle Help File Builder\PresentationStyles\VS2010\styles\branding-de-DE.css -&gt; C:\gits\naiad\Documentation\NaiadDocumentation\NaiadDocumentation\Help\Working\Output\Website\styles\branding-de-DE.css
C:\Program Files (x86)\EWSoftware\Sandcastle Help File Builder\PresentationStyles\VS2010\styles\branding-en-US.css -&gt; C:\gits\naiad\Documentation\NaiadDocumentation\NaiadDocumentation\Help\Working\Output\Website\styles\branding-en-US.css
C:\Program Files (x86)\EWSoftware\Sandcastle Help File Builder\PresentationStyles\VS2010\styles\branding-es-ES.css -&gt; C:\gits\naiad\Documentation\NaiadDocumentation\NaiadDocumentation\Help\Working\Output\Website\styles\branding-es-ES.css
C:\Program Files (x86)\EWSoftware\Sandcastle Help File Builder\PresentationStyles\VS2010\styles\branding-fr-FR.css -&gt; C:\gits\naiad\Documentation\NaiadDocumentation\NaiadDocumentation\Help\Working\Output\Website\styles\branding-fr-FR.css
C:\Program Files (x86)\EWSoftware\Sandcastle Help File Builder\PresentationStyles\VS2010\styles\branding-it-IT.css -&gt; C:\gits\naiad\Documentation\NaiadDocumentation\NaiadDocumentation\Help\Working\Output\Website\styles\branding-it-IT.css
C:\Program Files (x86)\EWSoftware\Sandcastle Help File Builder\PresentationStyles\VS2010\styles\branding-ja-JP.css -&gt; C:\gits\naiad\Documentation\NaiadDocumentation\NaiadDocumentation\Help\Working\Output\Website\styles\branding-ja-JP.css
C:\Program Files (x86)\EWSoftware\Sandcastle Help File Builder\PresentationStyles\VS2010\styles\branding-ko-KR.css -&gt; C:\gits\naiad\Documentation\NaiadDocumentation\NaiadDocumentation\Help\Working\Output\Website\styles\branding-ko-KR.css
C:\Program Files (x86)\EWSoftware\Sandcastle Help File Builder\PresentationStyles\VS2010\styles\branding-pl-PL.css -&gt; C:\gits\naiad\Documentation\NaiadDocumentation\NaiadDocumentation\Help\Working\Output\Website\styles\branding-pl-PL.css
C:\Program Files (x86)\EWSoftware\Sandcastle Help File Builder\PresentationStyles\VS2010\styles\branding-pt-BR.css -&gt; C:\gits\naiad\Documentation\NaiadDocumentation\NaiadDocumentation\Help\Working\Output\Website\styles\branding-pt-BR.css
C:\Program Files (x86)\EWSoftware\Sandcastle Help File Builder\PresentationStyles\VS2010\styles\branding-ru-RU.css -&gt; C:\gits\naiad\Documentation\NaiadDocumentation\NaiadDocumentation\Help\Working\Output\Website\styles\branding-ru-RU.css
C:\Program Files (x86)\EWSoftware\Sandcastle Help File Builder\PresentationStyles\VS2010\styles\branding-tr-TR.css -&gt; C:\gits\naiad\Documentation\NaiadDocumentation\NaiadDocumentation\Help\Working\Output\Website\styles\branding-tr-TR.css
C:\Program Files (x86)\EWSoftware\Sandcastle Help File Builder\PresentationStyles\VS2010\styles\branding-zh-CN.css -&gt; C:\gits\naiad\Documentation\NaiadDocumentation\NaiadDocumentation\Help\Working\Output\Website\styles\branding-zh-CN.css
C:\Program Files (x86)\EWSoftware\Sandcastle Help File Builder\PresentationStyles\VS2010\styles\branding-zh-TW.css -&gt; C:\gits\naiad\Documentation\NaiadDocumentation\NaiadDocumentation\Help\Working\Output\Website\styles\branding-zh-TW.css
C:\Program Files (x86)\EWSoftware\Sandcastle Help File Builder\PresentationStyles\VS2010\styles\branding.css -&gt; C:\gits\naiad\Documentation\NaiadDocumentation\NaiadDocumentation\Help\Working\Output\Website\styles\branding.css
C:\Program Files (x86)\EWSoftware\Sandcastle Help File Builder\\Web\CloseSearch.png -&gt; C:\gits\naiad\Documentation\NaiadDocumentation\NaiadDocumentation\Help\Working\Output\Website\.\CloseSearch.png
C:\Program Files (x86)\EWSoftware\Sandcastle Help File Builder\\Web\CollapseAll.png -&gt; C:\gits\naiad\Documentation\NaiadDocumentation\NaiadDocumentation\Help\Working\Output\Website\.\CollapseAll.png
C:\Program Files (x86)\EWSoftware\Sandcastle Help File Builder\\Web\Collapsed.gif -&gt; C:\gits\naiad\Documentation\NaiadDocumentation\NaiadDocumentation\Help\Working\Output\Website\.\Collapsed.gif
C:\Program Files (x86)\EWSoftware\Sandcastle Help File Builder\\Web\Expanded.gif -&gt; C:\gits\naiad\Documentation\NaiadDocumentation\NaiadDocumentation\Help\Working\Output\Website\.\Expanded.gif
C:\Program Files (x86)\EWSoftware\Sandcastle Help File Builder\\Web\favicon.ico -&gt; C:\gits\naiad\Documentation\NaiadDocumentation\NaiadDocumentation\Help\Working\Output\Website\.\favicon.ico
C:\Program Files (x86)\EWSoftware\Sandcastle Help File Builder\\Web\FillNode.aspx -&gt; C:\gits\naiad\Documentation\NaiadDocumentation\NaiadDocumentation\Help\Working\Output\Website\.\FillNode.aspx
C:\Program Files (x86)\EWSoftware\Sandcastle Help File Builder\\Web\FillNode.php -&gt; C:\gits\naiad\Documentation\NaiadDocumentation\NaiadDocumentation\Help\Working\Output\Website\.\FillNode.php
C:\Program Files (x86)\EWSoftware\Sandcastle Help File Builder\\Web\Index.aspx -&gt; C:\gits\naiad\Documentation\NaiadDocumentation\NaiadDocumentation\Help\Working\Output\Website\.\Index.aspx
C:\Program Files (x86)\EWSoftware\Sandcastle Help File Builder\\Web\Index.gif -&gt; C:\gits\naiad\Documentation\NaiadDocumentation\NaiadDocumentation\Help\Working\Output\Website\.\Index.gif
C:\Program Files (x86)\EWSoftware\Sandcastle Help File Builder\\Web\index.html -&gt; C:\gits\naiad\Documentation\NaiadDocumentation\NaiadDocumentation\Help\Working\Output\Website\.\index.html
C:\Program Files (x86)\EWSoftware\Sandcastle Help File Builder\\Web\index.php -&gt; C:\gits\naiad\Documentation\NaiadDocumentation\NaiadDocumentation\Help\Working\Output\Website\.\index.php
C:\Program Files (x86)\EWSoftware\Sandcastle Help File Builder\\Web\Item.gif -&gt; C:\gits\naiad\Documentation\NaiadDocumentation\NaiadDocumentation\Help\Working\Output\Website\.\Item.gif
C:\Program Files (x86)\EWSoftware\Sandcastle Help File Builder\\Web\LoadIndexKeywords.aspx -&gt; C:\gits\naiad\Documentation\NaiadDocumentation\NaiadDocumentation\Help\Working\Output\Website\.\LoadIndexKeywords.aspx
C:\Program Files (x86)\EWSoftware\Sandcastle Help File Builder\\Web\LoadIndexKeywords.php -&gt; C:\gits\naiad\Documentation\NaiadDocumentation\NaiadDocumentation\Help\Working\Output\Website\.\LoadIndexKeywords.php
C:\Program Files (x86)\EWSoftware\Sandcastle Help File Builder\\Web\Search.gif -&gt; C:\gits\naiad\Documentation\NaiadDocumentation\NaiadDocumentation\Help\Working\Output\Website\.\Search.gif
C:\Program Files (x86)\EWSoftware\Sandcastle Help File Builder\\Web\SearchHelp.aspx -&gt; C:\gits\naiad\Documentation\NaiadDocumentation\NaiadDocumentation\Help\Working\Output\Website\.\SearchHelp.aspx
C:\Program Files (x86)\EWSoftware\Sandcastle Help File Builder\\Web\SearchHelp.inc.php -&gt; C:\gits\naiad\Documentation\NaiadDocumentation\NaiadDocumentation\Help\Working\Output\Website\.\SearchHelp.inc.php
C:\Program Files (x86)\EWSoftware\Sandcastle Help File Builder\\Web\SearchHelp.php -&gt; C:\gits\naiad\Documentation\NaiadDocumentation\NaiadDocumentation\Help\Working\Output\Website\.\SearchHelp.php
C:\Program Files (x86)\EWSoftware\Sandcastle Help File Builder\\Web\Splitter.gif -&gt; C:\gits\naiad\Documentation\NaiadDocumentation\NaiadDocumentation\Help\Working\Output\Website\.\Splitter.gif
C:\Program Files (x86)\EWSoftware\Sandcastle Help File Builder\\Web\SyncTOC.gif -&gt; C:\gits\naiad\Documentation\NaiadDocumentation\NaiadDocumentation\Help\Working\Output\Website\.\SyncTOC.gif
C:\Program Files (x86)\EWSoftware\Sandcastle Help File Builder\\Web\TOC.css -&gt; C:\gits\naiad\Documentation\NaiadDocumentation\NaiadDocumentation\Help\Working\Output\Website\.\TOC.css
C:\Program Files (x86)\EWSoftware\Sandcastle Help File Builder\\Web\TOC.js -&gt; C:\gits\naiad\Documentation\NaiadDocumentation\NaiadDocumentation\Help\Working\Output\Website\.\TOC.js
C:\Program Files (x86)\EWSoftware\Sandcastle Help File Builder\\Web\Web.Config -&gt; C:\gits\naiad\Documentation\NaiadDocumentation\NaiadDocumentation\Help\Working\Output\Website\.\Web.Config
    Last step completed in 00:00:00.6451
</buildStep>
<buildStep step="GenerateHelpFormatTableOfContents">
Generating website table of contents file...
    Last step completed in 00:00:00.0000
</buildStep>
<buildStep step="GenerateFullTextIndex">
Generating full-text index for the website...

    Last step completed in 00:00:02.5903
</buildStep>
<buildStep step="CopyingWebsiteFiles">
Copying website files to output folder...

Copied 100 files
Copied 200 files
Copied 300 files
Copied 400 files
Copied 500 files
Copied 600 files
Copied 700 files
Copied 800 files
Copied 900 files
Copied 1000 files
Copied 1004 files for the website content
    Last step completed in 00:00:00.9101
</buildStep>
<buildStep step="CleanIntermediates">
Removing intermediate files...
    Last step completed in 00:00:00.2150
</buildStep>
<buildStep step="Completed">

Build completed successfully at 04/16/2014 10:49 PM.  Total time: 00:00:54.1277

</buildStep>
</shfbBuild>
